Using pre-set license
Built from '2020.3/staging' branch; Version is '2020.3.14f1 (d0d1bb862f9d) revision 13685179'; Using compiler version '192528614'; Build Type 'Release'
OS: 'Windows 10 Home; OS build 19042.1110; Version 2009; 64bit' Language: 'en' Physical Memory: 8034 MB
BatchMode: 1, IsHumanControllingUs: 0, StartBugReporterOnCrash: 0, Is64bit: 1, IsPro: 0

 COMMAND LINE ARGUMENTS:
C:\Program Files\Unity\Hub\Editor\2020.3.14f1\Editor\Unity.exe
-adb2
-batchMode
-noUpm
-name
AssetImportWorker0
-projectPath
C:/Users/ninja/Documents/GitHub/One-Time-Runner/city
-logFile
Logs/AssetImportWorker0.log
-srvPort
56437
Successfully changed project path to: C:/Users/ninja/Documents/GitHub/One-Time-Runner/city
C:/Users/ninja/Documents/GitHub/One-Time-Runner/city
Using Asset Import Pipeline V2.
Refreshing native plugins compatible for Editor in 35.45 ms, found 2 plugins.
Preloading 0 native plugins for Editor in 0.00 ms.
Initialize engine version: 2020.3.14f1 (d0d1bb862f9d)
[Subsystems] Discovering subsystems at path C:/Program Files/Unity/Hub/Editor/2020.3.14f1/Editor/Data/Resources/UnitySubsystems
[Subsystems] Discovering subsystems at path C:/Users/ninja/Documents/GitHub/One-Time-Runner/city/Assets
GfxDevice: creating device client; threaded=0
Direct3D:
    Version:  Direct3D 11.0 [level 11.1]
    Renderer: NVIDIA GeForce GTX 1050 Ti (ID=0x1c8c)
    Vendor:   
    VRAM:     4029 MB
    Driver:   23.21.13.8873
Initialize mono
Mono path[0] = 'C:/Program Files/Unity/Hub/Editor/2020.3.14f1/Editor/Data/Managed'
Mono path[1] = 'C:/Program Files/Unity/Hub/Editor/2020.3.14f1/Editor/Data/MonoBleedingEdge/lib/mono/unityjit'
Mono config path = 'C:/Program Files/Unity/Hub/Editor/2020.3.14f1/Editor/Data/MonoBleedingEdge/etc'
Using monoOptions --debugger-agent=transport=dt_socket,embedding=1,server=y,suspend=n,address=127.0.0.1:56132
Begin MonoManager ReloadAssembly
Registering precompiled unity dll's ...
Register platform support module: C:/Program Files/Unity/Hub/Editor/2020.3.14f1/Editor/Data/PlaybackEngines/MacStandaloneSupport/UnityEditor.OSXStandalone.Extensions.dll
Register platform support module: C:/Program Files/Unity/Hub/Editor/2020.3.14f1/Editor/Data/PlaybackEngines/WindowsStandaloneSupport/UnityEditor.WindowsStandalone.Extensions.dll
Registered in 0.005519 seconds.
Native extension for WindowsStandalone target not found
Native extension for OSXStandalone target not found
Refreshing native plugins compatible for Editor in 36.36 ms, found 2 plugins.
Preloading 0 native plugins for Editor in 0.00 ms.
Mono: successfully reloaded assembly
- Completed reload, in  5.688 seconds
Domain Reload Profiling:
	ReloadAssembly (5688ms)
		BeginReloadAssembly (54ms)
			ExecutionOrderSort (0ms)
			DisableScriptedObjects (0ms)
			BackupInstance (0ms)
			ReleaseScriptingObjects (0ms)
			CreateAndSetChildDomain (1ms)
		EndReloadAssembly (611ms)
			LoadAssemblies (53ms)
			RebuildTransferFunctionScriptingTraits (0ms)
			SetupTypeCache (226ms)
			ReleaseScriptCaches (0ms)
			RebuildScriptCaches (41ms)
			SetupLoadedEditorAssemblies (231ms)
				LogAssemblyErrors (0ms)
				InitializePlatformSupportModulesInManaged (7ms)
				SetLoadedEditorAssemblies (0ms)
				RefreshPlugins (36ms)
				BeforeProcessingInitializeOnLoad (10ms)
				ProcessInitializeOnLoadAttributes (128ms)
				ProcessInitializeOnLoadMethodAttributes (49ms)
				AfterProcessingInitializeOnLoad (0ms)
				EditorAssembliesLoaded (0ms)
			ExecutionOrderSort2 (0ms)
			AwakeInstancesAfterBackupRestoration (0ms)
Platform modules already initialized, skipping
Registering precompiled user dll's ...
Registered in 0.013122 seconds.
Begin MonoManager ReloadAssembly
Native extension for WindowsStandalone target not found
Native extension for OSXStandalone target not found
Refreshing native plugins compatible for Editor in 0.28 ms, found 2 plugins.
Preloading 0 native plugins for Editor in 0.00 ms.
Mono: successfully reloaded assembly
- Completed reload, in  1.081 seconds
Domain Reload Profiling:
	ReloadAssembly (1082ms)
		BeginReloadAssembly (167ms)
			ExecutionOrderSort (0ms)
			DisableScriptedObjects (6ms)
			BackupInstance (0ms)
			ReleaseScriptingObjects (0ms)
			CreateAndSetChildDomain (20ms)
		EndReloadAssembly (851ms)
			LoadAssemblies (110ms)
			RebuildTransferFunctionScriptingTraits (0ms)
			SetupTypeCache (274ms)
			ReleaseScriptCaches (0ms)
			RebuildScriptCaches (41ms)
			SetupLoadedEditorAssemblies (318ms)
				LogAssemblyErrors (0ms)
				InitializePlatformSupportModulesInManaged (6ms)
				SetLoadedEditorAssemblies (0ms)
				RefreshPlugins (0ms)
				BeforeProcessingInitializeOnLoad (67ms)
				ProcessInitializeOnLoadAttributes (232ms)
				ProcessInitializeOnLoadMethodAttributes (4ms)
				AfterProcessingInitializeOnLoad (7ms)
				EditorAssembliesLoaded (0ms)
			ExecutionOrderSort2 (0ms)
			AwakeInstancesAfterBackupRestoration (8ms)
Platform modules already initialized, skipping
========================================================================
Worker process is ready to serve import requests
Launched and connected shader compiler UnityShaderCompiler.exe after 0.05 seconds
Refreshing native plugins compatible for Editor in 0.31 ms, found 2 plugins.
Preloading 0 native plugins for Editor in 0.00 ms.
Unloading 1390 Unused Serialized files (Serialized files now loaded: 0)
System memory in use before: 64.8 MB.
System memory in use after: 64.9 MB.

Unloading 19 unused Assets to reduce memory usage. Loaded Objects now: 1823.
Total: 2.158000 ms (FindLiveObjects: 0.194100 ms CreateObjectMapping: 0.080400 ms MarkObjects: 1.813400 ms  DeleteObjects: 0.069300 ms)

AssetImportParameters requested are different than current active one (requested -> active):
  custom:framework-win-MediaFoundation: 216162199b28c13a410421893ffa2e32 -> 
  custom:video-decoder-ogg-theora: a1e56fd34408186e4bbccfd4996cb3dc -> 
  custom:container-muxer-webm: aa71ff27fc2769a1b78a27578f13a17b -> 
  custom:container-demuxer-webm: 4f35f7cbe854078d1ac9338744f61a02 -> 
  custom:container-demuxer-ogg: 62fdf1f143b41e24485cea50d1cbac27 -> 
  custom:video-encoder-webm-vp8: eb34c28f22e8b96e1ab97ce403110664 -> 
  custom:video-decoder-webm-vp8: 9c59270c3fd7afecdb556c50c9e8de78 -> 
  custom:audio-decoder-ogg-vorbis: bf7c407c2cedff20999df2af8eb42d56 -> 
  custom:audio-encoder-webm-vorbis: bf7c407c2cedff20999df2af8eb42d56 -> 
========================================================================
Received Import Request.
  path: Assets/stairs/door.prefab
  artifactKey: Guid(6e8928430c3ae584cacb10acc880c401) Importer(815301076,1909f56bfc062723c751e8b465ee728b)
Start importing Assets/stairs/door.prefab using Guid(6e8928430c3ae584cacb10acc880c401) Importer(815301076,1909f56bfc062723c751e8b465ee728b)  -> (artifact id: 'fda01f090e91b74fb688876f567c6e53') in 0.160132 seconds 
  Import took 0.163978 seconds .

========================================================================
Received Import Request.
  Time since last request: 3.735854 seconds.
  path: Assets/stairs/door.prefab
  artifactKey: Guid(6e8928430c3ae584cacb10acc880c401) Importer(815301076,1909f56bfc062723c751e8b465ee728b)
Start importing Assets/stairs/door.prefab using Guid(6e8928430c3ae584cacb10acc880c401) Importer(815301076,1909f56bfc062723c751e8b465ee728b)  -> (artifact id: '68db9f0b0dbaa31136ba5fe746281b4b') in 0.018912 seconds 
  Import took 0.022165 seconds .

========================================================================
Received Import Request.
  Time since last request: 17.410560 seconds.
  path: Assets/stairs/door.prefab
  artifactKey: Guid(6e8928430c3ae584cacb10acc880c401) Importer(815301076,1909f56bfc062723c751e8b465ee728b)
Start importing Assets/stairs/door.prefab using Guid(6e8928430c3ae584cacb10acc880c401) Importer(815301076,1909f56bfc062723c751e8b465ee728b)  -> (artifact id: 'c03f494cd821e5826ded6799da5a232f') in 0.020056 seconds 
  Import took 0.025449 seconds .

========================================================================
Received Import Request.
  Time since last request: 5.433561 seconds.
  path: Assets/stairs/door.prefab
  artifactKey: Guid(6e8928430c3ae584cacb10acc880c401) Importer(815301076,1909f56bfc062723c751e8b465ee728b)
Start importing Assets/stairs/door.prefab using Guid(6e8928430c3ae584cacb10acc880c401) Importer(815301076,1909f56bfc062723c751e8b465ee728b)  -> (artifact id: 'e10a232b172cb5d9256c2e826a1390cf') in 0.023361 seconds 
  Import took 0.037616 seconds .

========================================================================
Received Import Request.
  Time since last request: 3.169184 seconds.
  path: Assets/stairs/door.prefab
  artifactKey: Guid(6e8928430c3ae584cacb10acc880c401) Importer(815301076,1909f56bfc062723c751e8b465ee728b)
Start importing Assets/stairs/door.prefab using Guid(6e8928430c3ae584cacb10acc880c401) Importer(815301076,1909f56bfc062723c751e8b465ee728b)  -> (artifact id: 'f617522a6dcaf36a91487cf7c1a4a994') in 0.014793 seconds 
  Import took 0.018637 seconds .

========================================================================
Received Import Request.
  Time since last request: 4.232295 seconds.
  path: Assets/stairs/door.prefab
  artifactKey: Guid(6e8928430c3ae584cacb10acc880c401) Importer(815301076,1909f56bfc062723c751e8b465ee728b)
Start importing Assets/stairs/door.prefab using Guid(6e8928430c3ae584cacb10acc880c401) Importer(815301076,1909f56bfc062723c751e8b465ee728b)  -> (artifact id: '97f7d974b1a4fd838a32db72c93888f4') in 0.015868 seconds 
  Import took 0.019731 seconds .

========================================================================
Received Import Request.
  Time since last request: 3.998354 seconds.
  path: Assets/stairs/door.prefab
  artifactKey: Guid(6e8928430c3ae584cacb10acc880c401) Importer(815301076,1909f56bfc062723c751e8b465ee728b)
Start importing Assets/stairs/door.prefab using Guid(6e8928430c3ae584cacb10acc880c401) Importer(815301076,1909f56bfc062723c751e8b465ee728b)  -> (artifact id: 'a2733fcb24d0f45ee6c061e069feddc7') in 0.016015 seconds 
  Import took 0.019679 seconds .

========================================================================
Received Import Request.
  Time since last request: 2.016612 seconds.
  path: Assets/stairs/door.prefab
  artifactKey: Guid(6e8928430c3ae584cacb10acc880c401) Importer(815301076,1909f56bfc062723c751e8b465ee728b)
Start importing Assets/stairs/door.prefab using Guid(6e8928430c3ae584cacb10acc880c401) Importer(815301076,1909f56bfc062723c751e8b465ee728b)  -> (artifact id: 'ecd9e1fe6e4cf2bc15e0fa37914512e0') in 0.019602 seconds 
  Import took 0.024405 seconds .

========================================================================
Received Import Request.
  Time since last request: 2.795963 seconds.
  path: Assets/stairs/door.prefab
  artifactKey: Guid(6e8928430c3ae584cacb10acc880c401) Importer(815301076,1909f56bfc062723c751e8b465ee728b)
Start importing Assets/stairs/door.prefab using Guid(6e8928430c3ae584cacb10acc880c401) Importer(815301076,1909f56bfc062723c751e8b465ee728b)  -> (artifact id: 'a92f448cd353ab1c92c6395af46faf01') in 0.016088 seconds 
  Import took 0.020118 seconds .

========================================================================
Received Import Request.
  Time since last request: 1.609838 seconds.
  path: Assets/stairs/door.prefab
  artifactKey: Guid(6e8928430c3ae584cacb10acc880c401) Importer(815301076,1909f56bfc062723c751e8b465ee728b)
Start importing Assets/stairs/door.prefab using Guid(6e8928430c3ae584cacb10acc880c401) Importer(815301076,1909f56bfc062723c751e8b465ee728b)  -> (artifact id: '336c47d55a073057b0d65967e1553609') in 0.019192 seconds 
  Import took 0.023901 seconds .

========================================================================
Received Import Request.
  Time since last request: 2.610127 seconds.
  path: Assets/stairs/door.prefab
  artifactKey: Guid(6e8928430c3ae584cacb10acc880c401) Importer(815301076,1909f56bfc062723c751e8b465ee728b)
Start importing Assets/stairs/door.prefab using Guid(6e8928430c3ae584cacb10acc880c401) Importer(815301076,1909f56bfc062723c751e8b465ee728b)  -> (artifact id: 'b33fa79510c11f18f29ede83a31a0493') in 0.027285 seconds 
  Import took 0.038536 seconds .

========================================================================
Received Import Request.
  Time since last request: 1.381944 seconds.
  path: Assets/stairs/door.prefab
  artifactKey: Guid(6e8928430c3ae584cacb10acc880c401) Importer(815301076,1909f56bfc062723c751e8b465ee728b)
Start importing Assets/stairs/door.prefab using Guid(6e8928430c3ae584cacb10acc880c401) Importer(815301076,1909f56bfc062723c751e8b465ee728b)  -> (artifact id: '6afbfd48f310ff8472e8deeaa881dce9') in 0.020796 seconds 
  Import took 0.024947 seconds .

========================================================================
Received Import Request.
  Time since last request: 1.588179 seconds.
  path: Assets/stairs/door.prefab
  artifactKey: Guid(6e8928430c3ae584cacb10acc880c401) Importer(815301076,1909f56bfc062723c751e8b465ee728b)
Start importing Assets/stairs/door.prefab using Guid(6e8928430c3ae584cacb10acc880c401) Importer(815301076,1909f56bfc062723c751e8b465ee728b)  -> (artifact id: '05720becb6fb157269f69cd664af1ae4') in 0.018136 seconds 
  Import took 0.021447 seconds .

========================================================================
Received Import Request.
  Time since last request: 1.396779 seconds.
  path: Assets/stairs/door.prefab
  artifactKey: Guid(6e8928430c3ae584cacb10acc880c401) Importer(815301076,1909f56bfc062723c751e8b465ee728b)
Start importing Assets/stairs/door.prefab using Guid(6e8928430c3ae584cacb10acc880c401) Importer(815301076,1909f56bfc062723c751e8b465ee728b)  -> (artifact id: '05ae9c979a5a5cc9e4f02cd2b48a4b1b') in 0.017365 seconds 
  Import took 0.020841 seconds .

========================================================================
Received Import Request.
  Time since last request: 2.608697 seconds.
  path: Assets/stairs/door.prefab
  artifactKey: Guid(6e8928430c3ae584cacb10acc880c401) Importer(815301076,1909f56bfc062723c751e8b465ee728b)
Start importing Assets/stairs/door.prefab using Guid(6e8928430c3ae584cacb10acc880c401) Importer(815301076,1909f56bfc062723c751e8b465ee728b)  -> (artifact id: '9ace74fecb359689b285586b82e21df1') in 0.018588 seconds 
  Import took 0.021887 seconds .

========================================================================
Received Import Request.
  Time since last request: 2.795980 seconds.
  path: Assets/stairs/door.prefab
  artifactKey: Guid(6e8928430c3ae584cacb10acc880c401) Importer(815301076,1909f56bfc062723c751e8b465ee728b)
Start importing Assets/stairs/door.prefab using Guid(6e8928430c3ae584cacb10acc880c401) Importer(815301076,1909f56bfc062723c751e8b465ee728b)  -> (artifact id: '1c92f55e5a589e6c7edc18eb855ea1aa') in 0.018862 seconds 
  Import took 0.022408 seconds .

========================================================================
Received Import Request.
  Time since last request: 2.199015 seconds.
  path: Assets/stairs/door.prefab
  artifactKey: Guid(6e8928430c3ae584cacb10acc880c401) Importer(815301076,1909f56bfc062723c751e8b465ee728b)
Start importing Assets/stairs/door.prefab using Guid(6e8928430c3ae584cacb10acc880c401) Importer(815301076,1909f56bfc062723c751e8b465ee728b)  -> (artifact id: '88995c776428c99d4ef3d21e2f5534f3') in 0.024489 seconds 
  Import took 0.027992 seconds .

========================================================================
Received Import Request.
  Time since last request: 3.609686 seconds.
  path: Assets/stairs/door.prefab
  artifactKey: Guid(6e8928430c3ae584cacb10acc880c401) Importer(815301076,1909f56bfc062723c751e8b465ee728b)
Start importing Assets/stairs/door.prefab using Guid(6e8928430c3ae584cacb10acc880c401) Importer(815301076,1909f56bfc062723c751e8b465ee728b)  -> (artifact id: '4774eae202f138d812c999167f6b4da5') in 0.017853 seconds 
  Import took 0.020598 seconds .

========================================================================
Received Import Request.
  Time since last request: 1.581843 seconds.
  path: Assets/stairs/door.prefab
  artifactKey: Guid(6e8928430c3ae584cacb10acc880c401) Importer(815301076,1909f56bfc062723c751e8b465ee728b)
Start importing Assets/stairs/door.prefab using Guid(6e8928430c3ae584cacb10acc880c401) Importer(815301076,1909f56bfc062723c751e8b465ee728b)  -> (artifact id: 'dd709263d8076d7b7827b4c9565f8c63') in 0.016629 seconds 
  Import took 0.019806 seconds .

========================================================================
Received Import Request.
  Time since last request: 4.619495 seconds.
  path: Assets/stairs/door.prefab
  artifactKey: Guid(6e8928430c3ae584cacb10acc880c401) Importer(815301076,1909f56bfc062723c751e8b465ee728b)
Start importing Assets/stairs/door.prefab using Guid(6e8928430c3ae584cacb10acc880c401) Importer(815301076,1909f56bfc062723c751e8b465ee728b)  -> (artifact id: '41bc2db6bbf65ebf08828048df08fc20') in 0.018294 seconds 
  Import took 0.022742 seconds .

========================================================================
Received Import Request.
  Time since last request: 1.876576 seconds.
  path: Assets/stairs/door.prefab
  artifactKey: Guid(6e8928430c3ae584cacb10acc880c401) Importer(815301076,1909f56bfc062723c751e8b465ee728b)
Start importing Assets/stairs/door.prefab using Guid(6e8928430c3ae584cacb10acc880c401) Importer(815301076,1909f56bfc062723c751e8b465ee728b)  -> (artifact id: '42295b97d206e41c9124dc44ac366c57') in 0.036512 seconds 
  Import took 0.043438 seconds .

========================================================================
Received Import Request.
  Time since last request: 3.818506 seconds.
  path: Assets/stairs/door.prefab
  artifactKey: Guid(6e8928430c3ae584cacb10acc880c401) Importer(815301076,1909f56bfc062723c751e8b465ee728b)
Start importing Assets/stairs/door.prefab using Guid(6e8928430c3ae584cacb10acc880c401) Importer(815301076,1909f56bfc062723c751e8b465ee728b)  -> (artifact id: '789499951c459c70a4ad7e20f277e5a0') in 0.019219 seconds 
  Import took 0.022964 seconds .

========================================================================
Received Import Request.
  Time since last request: 3.625222 seconds.
  path: Assets/stairs/door.prefab
  artifactKey: Guid(6e8928430c3ae584cacb10acc880c401) Importer(815301076,1909f56bfc062723c751e8b465ee728b)
Start importing Assets/stairs/door.prefab using Guid(6e8928430c3ae584cacb10acc880c401) Importer(815301076,1909f56bfc062723c751e8b465ee728b)  -> (artifact id: 'e86e409d64a461c7ea35b3c0a7521560') in 0.027750 seconds 
  Import took 0.035033 seconds .

========================================================================
Received Import Request.
  Time since last request: 8.462109 seconds.
  path: Assets/stairs/door.prefab
  artifactKey: Guid(6e8928430c3ae584cacb10acc880c401) Importer(815301076,1909f56bfc062723c751e8b465ee728b)
Start importing Assets/stairs/door.prefab using Guid(6e8928430c3ae584cacb10acc880c401) Importer(815301076,1909f56bfc062723c751e8b465ee728b)  -> (artifact id: 'ac7b812d80ebb18825cb3abd87c90a5d') in 0.026657 seconds 
  Import took 0.038539 seconds .

========================================================================
Received Import Request.
  Time since last request: 2.267057 seconds.
  path: Assets/stairs/door.prefab
  artifactKey: Guid(6e8928430c3ae584cacb10acc880c401) Importer(815301076,1909f56bfc062723c751e8b465ee728b)
Start importing Assets/stairs/door.prefab using Guid(6e8928430c3ae584cacb10acc880c401) Importer(815301076,1909f56bfc062723c751e8b465ee728b)  -> (artifact id: 'cd9e91660297c94d946744ea1818e7cd') in 0.019030 seconds 
  Import took 0.024290 seconds .

========================================================================
Received Import Request.
  Time since last request: 14.271676 seconds.
  path: Assets/stairs/New Material 3.mat
  artifactKey: Guid(a05f2fec1ae1029408a63c5132a1729e) Importer(815301076,1909f56bfc062723c751e8b465ee728b)
Start importing Assets/stairs/New Material 3.mat using Guid(a05f2fec1ae1029408a63c5132a1729e) Importer(815301076,1909f56bfc062723c751e8b465ee728b)  -> (artifact id: 'e92f408b64da0fcb5f5b725dba9ef9c3') in 0.623918 seconds 
  Import took 0.629804 seconds .

========================================================================
Received Import Request.
  Time since last request: 43.194277 seconds.
  path: Assets/stairs/door.prefab
  artifactKey: Guid(6e8928430c3ae584cacb10acc880c401) Importer(815301076,1909f56bfc062723c751e8b465ee728b)
Start importing Assets/stairs/door.prefab using Guid(6e8928430c3ae584cacb10acc880c401) Importer(815301076,1909f56bfc062723c751e8b465ee728b)  -> (artifact id: 'afb23a05046fe725625fc361c364ea7b') in 0.478540 seconds 
  Import took 0.485732 seconds .

========================================================================
Received Import Request.
  Time since last request: 0.555378 seconds.
  path: Assets/stairs/door.prefab
  artifactKey: Guid(6e8928430c3ae584cacb10acc880c401) Importer(815301076,1909f56bfc062723c751e8b465ee728b)
Start importing Assets/stairs/door.prefab using Guid(6e8928430c3ae584cacb10acc880c401) Importer(815301076,1909f56bfc062723c751e8b465ee728b)  -> (artifact id: '13cf7da40b80fa7fa1aba3ed77698305') in 0.035201 seconds 
  Import took 0.051031 seconds .

========================================================================
Received Import Request.
  Time since last request: 2.637943 seconds.
  path: Assets/stairs/door.prefab
  artifactKey: Guid(6e8928430c3ae584cacb10acc880c401) Importer(815301076,1909f56bfc062723c751e8b465ee728b)
Start importing Assets/stairs/door.prefab using Guid(6e8928430c3ae584cacb10acc880c401) Importer(815301076,1909f56bfc062723c751e8b465ee728b)  -> (artifact id: '4ec68c56f6da702c892f2e509c5726ca') in 0.029235 seconds 
  Import took 0.043597 seconds .

========================================================================
Received Import Request.
  Time since last request: 2.606767 seconds.
  path: Assets/stairs/door.prefab
  artifactKey: Guid(6e8928430c3ae584cacb10acc880c401) Importer(815301076,1909f56bfc062723c751e8b465ee728b)
Start importing Assets/stairs/door.prefab using Guid(6e8928430c3ae584cacb10acc880c401) Importer(815301076,1909f56bfc062723c751e8b465ee728b)  -> (artifact id: '4ca7f7a623e8c6dee73aed651a3bb431') in 0.019724 seconds 
  Import took 0.023190 seconds .

========================================================================
Received Import Request.
  Time since last request: 72.366748 seconds.
  path: Assets/stairs/door.prefab
  artifactKey: Guid(6e8928430c3ae584cacb10acc880c401) Importer(815301076,1909f56bfc062723c751e8b465ee728b)
Start importing Assets/stairs/door.prefab using Guid(6e8928430c3ae584cacb10acc880c401) Importer(815301076,1909f56bfc062723c751e8b465ee728b)  -> (artifact id: 'e4a9d058fe839e080bce2dbcc51f21b4') in 0.020671 seconds 
  Import took 0.024787 seconds .

========================================================================
Received Import Request.
  Time since last request: 9.403961 seconds.
  path: Assets/stairs/New Material 2.mat
  artifactKey: Guid(e67d6076fce98a649a66f506b537ba12) Importer(815301076,1909f56bfc062723c751e8b465ee728b)
Start importing Assets/stairs/New Material 2.mat using Guid(e67d6076fce98a649a66f506b537ba12) Importer(815301076,1909f56bfc062723c751e8b465ee728b)  -> (artifact id: '923d986b0fb95394d6138ef08d1e159a') in 0.021727 seconds 
  Import took 0.024897 seconds .

========================================================================
Received Import Request.
  Time since last request: 0.000299 seconds.
  path: Assets/stairs/New Material 3.mat
  artifactKey: Guid(a05f2fec1ae1029408a63c5132a1729e) Importer(815301076,1909f56bfc062723c751e8b465ee728b)
Start importing Assets/stairs/New Material 3.mat using Guid(a05f2fec1ae1029408a63c5132a1729e) Importer(815301076,1909f56bfc062723c751e8b465ee728b)  -> (artifact id: '445f9247bcc21a93080f566470cf085f') in 0.014390 seconds 
  Import took 0.017090 seconds .

========================================================================
Received Import Request.
  Time since last request: 15.936121 seconds.
  path: Assets/stairs/door.prefab
  artifactKey: Guid(6e8928430c3ae584cacb10acc880c401) Importer(815301076,1909f56bfc062723c751e8b465ee728b)
Start importing Assets/stairs/door.prefab using Guid(6e8928430c3ae584cacb10acc880c401) Importer(815301076,1909f56bfc062723c751e8b465ee728b)  -> (artifact id: 'b9c8df9e3abdded6913e68ee19ddb822') in 0.018503 seconds 
  Import took 0.022137 seconds .

========================================================================
Received Import Request.
  Time since last request: 28.082966 seconds.
  path: Assets/New Material 1.mat
  artifactKey: Guid(d77038c0591de2e4ea9a0d5d3441a0ac) Importer(815301076,1909f56bfc062723c751e8b465ee728b)
Start importing Assets/New Material 1.mat using Guid(d77038c0591de2e4ea9a0d5d3441a0ac) Importer(815301076,1909f56bfc062723c751e8b465ee728b)  -> (artifact id: '8834f1177666e53aac019dcf3625b7a5') in 0.018966 seconds 
  Import took 0.021717 seconds .

========================================================================
Received Import Request.
  Time since last request: 0.000315 seconds.
  path: Assets/New Material.mat
  artifactKey: Guid(4ec4f5ea5ee329444a1d953c8fd01b55) Importer(815301076,1909f56bfc062723c751e8b465ee728b)
Start importing Assets/New Material.mat using Guid(4ec4f5ea5ee329444a1d953c8fd01b55) Importer(815301076,1909f56bfc062723c751e8b465ee728b)  -> (artifact id: '3673994bf6b3f4127f2cfbb670733ec5') in 0.017624 seconds 
  Import took 0.020491 seconds .

========================================================================
Received Import Request.
  Time since last request: 0.002856 seconds.
  path: Assets/New Material.mat
  artifactKey: Guid(4ec4f5ea5ee329444a1d953c8fd01b55) Importer(815301076,1909f56bfc062723c751e8b465ee728b)
Start importing Assets/New Material.mat using Guid(4ec4f5ea5ee329444a1d953c8fd01b55) Importer(815301076,1909f56bfc062723c751e8b465ee728b)  -> (artifact id: '3673994bf6b3f4127f2cfbb670733ec5') in 0.011006 seconds 
  Import took 0.014113 seconds .

========================================================================
Received Import Request.
  Time since last request: 20.608543 seconds.
  path: Assets/building.prefab
  artifactKey: Guid(9f1186ed1d4196644896d34acf8fbaf0) Importer(815301076,1909f56bfc062723c751e8b465ee728b)
Start importing Assets/building.prefab using Guid(9f1186ed1d4196644896d34acf8fbaf0) Importer(815301076,1909f56bfc062723c751e8b465ee728b)  -> (artifact id: '63dea7217ec8b67fba7b417affff9552') in 0.008335 seconds 
  Import took 0.011145 seconds .

========================================================================
Received Import Request.
  Time since last request: 0.010785 seconds.
  path: Assets/building.prefab
  artifactKey: Guid(9f1186ed1d4196644896d34acf8fbaf0) Importer(815301076,1909f56bfc062723c751e8b465ee728b)
Start importing Assets/building.prefab using Guid(9f1186ed1d4196644896d34acf8fbaf0) Importer(815301076,1909f56bfc062723c751e8b465ee728b)  -> (artifact id: '63dea7217ec8b67fba7b417affff9552') in 0.008139 seconds 
  Import took 0.010832 seconds .

========================================================================
Received Import Request.
  Time since last request: 7.956957 seconds.
  path: Assets/building.prefab
  artifactKey: Guid(9f1186ed1d4196644896d34acf8fbaf0) Importer(815301076,1909f56bfc062723c751e8b465ee728b)
Start importing Assets/building.prefab using Guid(9f1186ed1d4196644896d34acf8fbaf0) Importer(815301076,1909f56bfc062723c751e8b465ee728b)  -> (artifact id: 'c89380f3457fa7cf711ac23591900246') in 0.017769 seconds 
  Import took 0.021522 seconds .

========================================================================
Received Import Request.
  Time since last request: 3.000960 seconds.
  path: Assets/building.prefab
  artifactKey: Guid(9f1186ed1d4196644896d34acf8fbaf0) Importer(815301076,1909f56bfc062723c751e8b465ee728b)
Start importing Assets/building.prefab using Guid(9f1186ed1d4196644896d34acf8fbaf0) Importer(815301076,1909f56bfc062723c751e8b465ee728b)  -> (artifact id: 'e5034088ea6584275ab155df0959c02a') in 0.011476 seconds 
  Import took 0.014432 seconds .

========================================================================
Received Import Request.
  Time since last request: 4.218879 seconds.
  path: Assets/building.prefab
  artifactKey: Guid(9f1186ed1d4196644896d34acf8fbaf0) Importer(815301076,1909f56bfc062723c751e8b465ee728b)
Start importing Assets/building.prefab using Guid(9f1186ed1d4196644896d34acf8fbaf0) Importer(815301076,1909f56bfc062723c751e8b465ee728b)  -> (artifact id: 'a3642e3ff4870a6ea453b62c51bf5d60') in 0.012424 seconds 
  Import took 0.015188 seconds .

========================================================================
Received Import Request.
  Time since last request: 1.804118 seconds.
  path: Assets/building.prefab
  artifactKey: Guid(9f1186ed1d4196644896d34acf8fbaf0) Importer(815301076,1909f56bfc062723c751e8b465ee728b)
Start importing Assets/building.prefab using Guid(9f1186ed1d4196644896d34acf8fbaf0) Importer(815301076,1909f56bfc062723c751e8b465ee728b)  -> (artifact id: 'de3a7212ecbc818977abca854037bed8') in 0.010689 seconds 
  Import took 0.014850 seconds .

========================================================================
Received Import Request.
  Time since last request: 0.997729 seconds.
  path: Assets/building.prefab
  artifactKey: Guid(9f1186ed1d4196644896d34acf8fbaf0) Importer(815301076,1909f56bfc062723c751e8b465ee728b)
Start importing Assets/building.prefab using Guid(9f1186ed1d4196644896d34acf8fbaf0) Importer(815301076,1909f56bfc062723c751e8b465ee728b)  -> (artifact id: '2b13921cfa4125067d77cc6f9c0e9d09') in 0.014157 seconds 
  Import took 0.017453 seconds .

========================================================================
Received Import Request.
  Time since last request: 3.207133 seconds.
  path: Assets/building.prefab
  artifactKey: Guid(9f1186ed1d4196644896d34acf8fbaf0) Importer(815301076,1909f56bfc062723c751e8b465ee728b)
Start importing Assets/building.prefab using Guid(9f1186ed1d4196644896d34acf8fbaf0) Importer(815301076,1909f56bfc062723c751e8b465ee728b)  -> (artifact id: 'b5d4bccd69ee216ffbdc4f5a3a7aea9f') in 0.013817 seconds 
  Import took 0.017383 seconds .

========================================================================
Received Import Request.
  Time since last request: 43.487553 seconds.
  path: Assets/Bee_types_BEE.gif
  artifactKey: Guid(15ddbf5f4ecf40d49866e02ecba0bb2a) Importer(815301076,1909f56bfc062723c751e8b465ee728b)
Start importing Assets/Bee_types_BEE.gif using Guid(15ddbf5f4ecf40d49866e02ecba0bb2a) Importer(815301076,1909f56bfc062723c751e8b465ee728b)  -> (artifact id: 'f69acfa348eb2b897b044f33baac7919') in 0.026370 seconds 
  Import took 0.029443 seconds .

========================================================================
Received Import Request.
  Time since last request: 0.023714 seconds.
  path: Assets/Bee_types_BEE.gif
  artifactKey: Guid(15ddbf5f4ecf40d49866e02ecba0bb2a) Importer(815301076,1909f56bfc062723c751e8b465ee728b)
Start importing Assets/Bee_types_BEE.gif using Guid(15ddbf5f4ecf40d49866e02ecba0bb2a) Importer(815301076,1909f56bfc062723c751e8b465ee728b)  -> (artifact id: 'f69acfa348eb2b897b044f33baac7919') in 0.011248 seconds 
  Import took 0.015064 seconds .

========================================================================
Received Import Request.
  Time since last request: 4.793088 seconds.
  path: Assets/building.prefab
  artifactKey: Guid(9f1186ed1d4196644896d34acf8fbaf0) Importer(815301076,1909f56bfc062723c751e8b465ee728b)
Start importing Assets/building.prefab using Guid(9f1186ed1d4196644896d34acf8fbaf0) Importer(815301076,1909f56bfc062723c751e8b465ee728b)  -> (artifact id: '5626608deefb6f53c2fdadd886c47b57') in 0.015463 seconds 
  Import took 0.018852 seconds .

========================================================================
Received Import Request.
  Time since last request: 55.483411 seconds.
  path: Assets/brick.png
  artifactKey: Guid(50e65995d79d4464c94de405fbbfa20d) Importer(815301076,1909f56bfc062723c751e8b465ee728b)
Start importing Assets/brick.png using Guid(50e65995d79d4464c94de405fbbfa20d) Importer(815301076,1909f56bfc062723c751e8b465ee728b)  -> (artifact id: '18cb94911dd9b730baba81fcff49cee5') in 0.033855 seconds 
  Import took 0.037471 seconds .

========================================================================
Received Import Request.
  Time since last request: 0.011086 seconds.
  path: Assets/brick.png
  artifactKey: Guid(50e65995d79d4464c94de405fbbfa20d) Importer(815301076,1909f56bfc062723c751e8b465ee728b)
Start importing Assets/brick.png using Guid(50e65995d79d4464c94de405fbbfa20d) Importer(815301076,1909f56bfc062723c751e8b465ee728b)  -> (artifact id: '18cb94911dd9b730baba81fcff49cee5') in 0.013980 seconds 
  Import took 0.017049 seconds .

========================================================================
Received Import Request.
  Time since last request: 1.465380 seconds.
  path: Assets/building.prefab
  artifactKey: Guid(9f1186ed1d4196644896d34acf8fbaf0) Importer(815301076,1909f56bfc062723c751e8b465ee728b)
Start importing Assets/building.prefab using Guid(9f1186ed1d4196644896d34acf8fbaf0) Importer(815301076,1909f56bfc062723c751e8b465ee728b)  -> (artifact id: 'bf6776808a1fae98ea692f58fabfe316') in 0.020696 seconds 
  Import took 0.023903 seconds .

========================================================================
Received Import Request.
  Time since last request: 6.063123 seconds.
  path: Assets/building.prefab
  artifactKey: Guid(9f1186ed1d4196644896d34acf8fbaf0) Importer(815301076,1909f56bfc062723c751e8b465ee728b)
Start importing Assets/building.prefab using Guid(9f1186ed1d4196644896d34acf8fbaf0) Importer(815301076,1909f56bfc062723c751e8b465ee728b)  -> (artifact id: '22c4c0d4b770e040265c00c522f4e38a') in 0.019547 seconds 
  Import took 0.022913 seconds .

========================================================================
Received Import Request.
  Time since last request: 4.398991 seconds.
  path: Assets/building.prefab
  artifactKey: Guid(9f1186ed1d4196644896d34acf8fbaf0) Importer(815301076,1909f56bfc062723c751e8b465ee728b)
Start importing Assets/building.prefab using Guid(9f1186ed1d4196644896d34acf8fbaf0) Importer(815301076,1909f56bfc062723c751e8b465ee728b)  -> (artifact id: '7571c28aa3a5577239bba617b0c2b2b9') in 0.017464 seconds 
  Import took 0.022023 seconds .

========================================================================
Received Import Request.
  Time since last request: 1.186835 seconds.
  path: Assets/building.prefab
  artifactKey: Guid(9f1186ed1d4196644896d34acf8fbaf0) Importer(815301076,1909f56bfc062723c751e8b465ee728b)
Start importing Assets/building.prefab using Guid(9f1186ed1d4196644896d34acf8fbaf0) Importer(815301076,1909f56bfc062723c751e8b465ee728b)  -> (artifact id: 'ce3a9086768c4e3362b7f2742d1f8311') in 0.024840 seconds 
  Import took 0.027884 seconds .

========================================================================
Received Import Request.
  Time since last request: 2.450856 seconds.
  path: Assets/building.prefab
  artifactKey: Guid(9f1186ed1d4196644896d34acf8fbaf0) Importer(815301076,1909f56bfc062723c751e8b465ee728b)
Start importing Assets/building.prefab using Guid(9f1186ed1d4196644896d34acf8fbaf0) Importer(815301076,1909f56bfc062723c751e8b465ee728b)  -> (artifact id: 'f2f3a8a2386a1a3b0a3e7737800a13d7') in 0.021075 seconds 
  Import took 0.025695 seconds .

========================================================================
Received Import Request.
  Time since last request: 19.231870 seconds.
  path: Assets/building.prefab
  artifactKey: Guid(9f1186ed1d4196644896d34acf8fbaf0) Importer(815301076,1909f56bfc062723c751e8b465ee728b)
Start importing Assets/building.prefab using Guid(9f1186ed1d4196644896d34acf8fbaf0) Importer(815301076,1909f56bfc062723c751e8b465ee728b)  -> (artifact id: '2dbb2d276946e5f40320c2bba4e1a8c4') in 0.021721 seconds 
  Import took 0.024351 seconds .

========================================================================
Received Import Request.
  Time since last request: 0.382722 seconds.
  path: Assets/building.prefab
  artifactKey: Guid(9f1186ed1d4196644896d34acf8fbaf0) Importer(815301076,1909f56bfc062723c751e8b465ee728b)
Start importing Assets/building.prefab using Guid(9f1186ed1d4196644896d34acf8fbaf0) Importer(815301076,1909f56bfc062723c751e8b465ee728b)  -> (artifact id: 'fd4e81c71b66443ad992c9d8ceaeb5d3') in 0.022031 seconds 
  Import took 0.025178 seconds .

========================================================================
Received Import Request.
  Time since last request: 10.698023 seconds.
  path: Assets/building.prefab
  artifactKey: Guid(9f1186ed1d4196644896d34acf8fbaf0) Importer(815301076,1909f56bfc062723c751e8b465ee728b)
Start importing Assets/building.prefab using Guid(9f1186ed1d4196644896d34acf8fbaf0) Importer(815301076,1909f56bfc062723c751e8b465ee728b)  -> (artifact id: 'c14cfa6b5572ae02e0fbec78cfa852cb') in 0.020987 seconds 
  Import took 0.024190 seconds .

========================================================================
Received Import Request.
  Time since last request: 5.025745 seconds.
  path: Assets/building.prefab
  artifactKey: Guid(9f1186ed1d4196644896d34acf8fbaf0) Importer(815301076,1909f56bfc062723c751e8b465ee728b)
Start importing Assets/building.prefab using Guid(9f1186ed1d4196644896d34acf8fbaf0) Importer(815301076,1909f56bfc062723c751e8b465ee728b)  -> (artifact id: '26c405ca30c0f2f55f25e953243545e3') in 0.018879 seconds 
  Import took 0.022223 seconds .

========================================================================
Received Import Request.
  Time since last request: 3.040149 seconds.
  path: Assets/building.prefab
  artifactKey: Guid(9f1186ed1d4196644896d34acf8fbaf0) Importer(815301076,1909f56bfc062723c751e8b465ee728b)
Start importing Assets/building.prefab using Guid(9f1186ed1d4196644896d34acf8fbaf0) Importer(815301076,1909f56bfc062723c751e8b465ee728b)  -> (artifact id: 'fc38a01243859ad1e7600add179acafa') in 0.021131 seconds 
  Import took 0.024156 seconds .

========================================================================
Received Import Request.
  Time since last request: 4.815940 seconds.
  path: Assets/building.prefab
  artifactKey: Guid(9f1186ed1d4196644896d34acf8fbaf0) Importer(815301076,1909f56bfc062723c751e8b465ee728b)
Start importing Assets/building.prefab using Guid(9f1186ed1d4196644896d34acf8fbaf0) Importer(815301076,1909f56bfc062723c751e8b465ee728b)  -> (artifact id: 'd1aa6484e948a0b1a1e6a046c4e40c3c') in 0.023634 seconds 
  Import took 0.029346 seconds .

========================================================================
Received Import Request.
  Time since last request: 5.876914 seconds.
  path: Assets/building.prefab
  artifactKey: Guid(9f1186ed1d4196644896d34acf8fbaf0) Importer(815301076,1909f56bfc062723c751e8b465ee728b)
Start importing Assets/building.prefab using Guid(9f1186ed1d4196644896d34acf8fbaf0) Importer(815301076,1909f56bfc062723c751e8b465ee728b)  -> (artifact id: 'c3a4ecd3c5d77665f2853295bbd186ba') in 0.019678 seconds 
  Import took 0.022224 seconds .

========================================================================
Received Import Request.
  Time since last request: 5.045228 seconds.
  path: Assets/building.prefab
  artifactKey: Guid(9f1186ed1d4196644896d34acf8fbaf0) Importer(815301076,1909f56bfc062723c751e8b465ee728b)
Start importing Assets/building.prefab using Guid(9f1186ed1d4196644896d34acf8fbaf0) Importer(815301076,1909f56bfc062723c751e8b465ee728b)  -> (artifact id: 'ecc07dbfad60bedb99bf98a18b4efe2d') in 0.018506 seconds 
  Import took 0.021424 seconds .

========================================================================
Received Import Request.
  Time since last request: 3.398447 seconds.
  path: Assets/building.prefab
  artifactKey: Guid(9f1186ed1d4196644896d34acf8fbaf0) Importer(815301076,1909f56bfc062723c751e8b465ee728b)
Start importing Assets/building.prefab using Guid(9f1186ed1d4196644896d34acf8fbaf0) Importer(815301076,1909f56bfc062723c751e8b465ee728b)  -> (artifact id: 'f8015f111b77b373ca97032a7dd7ca21') in 0.023272 seconds 
  Import took 0.026468 seconds .

========================================================================
Received Import Request.
  Time since last request: 1.785085 seconds.
  path: Assets/building.prefab
  artifactKey: Guid(9f1186ed1d4196644896d34acf8fbaf0) Importer(815301076,1909f56bfc062723c751e8b465ee728b)
Start importing Assets/building.prefab using Guid(9f1186ed1d4196644896d34acf8fbaf0) Importer(815301076,1909f56bfc062723c751e8b465ee728b)  -> (artifact id: '95591a7e6ec63894b0ef265ffe4d1c96') in 0.025138 seconds 
  Import took 0.028434 seconds .

========================================================================
Received Import Request.
  Time since last request: 5.255391 seconds.
  path: Assets/building.prefab
  artifactKey: Guid(9f1186ed1d4196644896d34acf8fbaf0) Importer(815301076,1909f56bfc062723c751e8b465ee728b)
Start importing Assets/building.prefab using Guid(9f1186ed1d4196644896d34acf8fbaf0) Importer(815301076,1909f56bfc062723c751e8b465ee728b)  -> (artifact id: 'ace051503efb8ad786166f40c5eae231') in 0.018389 seconds 
  Import took 0.022236 seconds .

========================================================================
Received Import Request.
  Time since last request: 3.463471 seconds.
  path: Assets/building.prefab
  artifactKey: Guid(9f1186ed1d4196644896d34acf8fbaf0) Importer(815301076,1909f56bfc062723c751e8b465ee728b)
Start importing Assets/building.prefab using Guid(9f1186ed1d4196644896d34acf8fbaf0) Importer(815301076,1909f56bfc062723c751e8b465ee728b)  -> (artifact id: '18c9440070a022622233e1194216dec7') in 0.021252 seconds 
  Import took 0.027289 seconds .

========================================================================
Received Import Request.
  Time since last request: 10.481154 seconds.
  path: Assets/building.prefab
  artifactKey: Guid(9f1186ed1d4196644896d34acf8fbaf0) Importer(815301076,1909f56bfc062723c751e8b465ee728b)
Start importing Assets/building.prefab using Guid(9f1186ed1d4196644896d34acf8fbaf0) Importer(815301076,1909f56bfc062723c751e8b465ee728b)  -> (artifact id: '4754b2e484b40f06cd87bf61fe8012ea') in 0.018882 seconds 
  Import took 0.024400 seconds .

========================================================================
Received Import Request.
  Time since last request: 11.939993 seconds.
  path: Assets/building.prefab
  artifactKey: Guid(9f1186ed1d4196644896d34acf8fbaf0) Importer(815301076,1909f56bfc062723c751e8b465ee728b)
Start importing Assets/building.prefab using Guid(9f1186ed1d4196644896d34acf8fbaf0) Importer(815301076,1909f56bfc062723c751e8b465ee728b)  -> (artifact id: '07528a25d8ba9a78bb0d8e9fd242c599') in 0.027803 seconds 
  Import took 0.033472 seconds .

========================================================================
Received Import Request.
  Time since last request: 4.399863 seconds.
  path: Assets/building.prefab
  artifactKey: Guid(9f1186ed1d4196644896d34acf8fbaf0) Importer(815301076,1909f56bfc062723c751e8b465ee728b)
Start importing Assets/building.prefab using Guid(9f1186ed1d4196644896d34acf8fbaf0) Importer(815301076,1909f56bfc062723c751e8b465ee728b)  -> (artifact id: '954cf2183c34105ea32ffa10203fd31f') in 0.025875 seconds 
  Import took 0.029614 seconds .

========================================================================
Received Import Request.
  Time since last request: 5.631772 seconds.
  path: Assets/building.prefab
  artifactKey: Guid(9f1186ed1d4196644896d34acf8fbaf0) Importer(815301076,1909f56bfc062723c751e8b465ee728b)
Start importing Assets/building.prefab using Guid(9f1186ed1d4196644896d34acf8fbaf0) Importer(815301076,1909f56bfc062723c751e8b465ee728b)  -> (artifact id: '8a5e246eba2af2daed6a539708f91769') in 0.018185 seconds 
  Import took 0.025496 seconds .

========================================================================
Received Import Request.
  Time since last request: 22.898740 seconds.
  path: Assets/building.prefab
  artifactKey: Guid(9f1186ed1d4196644896d34acf8fbaf0) Importer(815301076,1909f56bfc062723c751e8b465ee728b)
Start importing Assets/building.prefab using Guid(9f1186ed1d4196644896d34acf8fbaf0) Importer(815301076,1909f56bfc062723c751e8b465ee728b)  -> (artifact id: '76713f8cc17bf9195bf8ec9239a2cd54') in 0.019780 seconds 
  Import took 0.026877 seconds .

========================================================================
Received Import Request.
  Time since last request: 12.918189 seconds.
  path: Assets/building.prefab
  artifactKey: Guid(9f1186ed1d4196644896d34acf8fbaf0) Importer(815301076,1909f56bfc062723c751e8b465ee728b)
Start importing Assets/building.prefab using Guid(9f1186ed1d4196644896d34acf8fbaf0) Importer(815301076,1909f56bfc062723c751e8b465ee728b)  -> (artifact id: '6e4e3a86f8b53bb775111eb9f351015b') in 0.019318 seconds 
  Import took 0.021934 seconds .

========================================================================
Received Import Request.
  Time since last request: 3.837968 seconds.
  path: Assets/building.prefab
  artifactKey: Guid(9f1186ed1d4196644896d34acf8fbaf0) Importer(815301076,1909f56bfc062723c751e8b465ee728b)
Start importing Assets/building.prefab using Guid(9f1186ed1d4196644896d34acf8fbaf0) Importer(815301076,1909f56bfc062723c751e8b465ee728b)  -> (artifact id: 'bc428cb02d418eb092cd8bcd7e337904') in 0.019786 seconds 
  Import took 0.022500 seconds .

========================================================================
Received Import Request.
  Time since last request: 1.799948 seconds.
  path: Assets/building.prefab
  artifactKey: Guid(9f1186ed1d4196644896d34acf8fbaf0) Importer(815301076,1909f56bfc062723c751e8b465ee728b)
Start importing Assets/building.prefab using Guid(9f1186ed1d4196644896d34acf8fbaf0) Importer(815301076,1909f56bfc062723c751e8b465ee728b)  -> (artifact id: 'be35808bd64afad18ed6206c58ae0d3b') in 0.019533 seconds 
  Import took 0.025442 seconds .

========================================================================
Received Import Request.
  Time since last request: 4.217780 seconds.
  path: Assets/building.prefab
  artifactKey: Guid(9f1186ed1d4196644896d34acf8fbaf0) Importer(815301076,1909f56bfc062723c751e8b465ee728b)
Start importing Assets/building.prefab using Guid(9f1186ed1d4196644896d34acf8fbaf0) Importer(815301076,1909f56bfc062723c751e8b465ee728b)  -> (artifact id: '57d44ce7f91210a1c926c8fa539c25a9') in 0.020757 seconds 
  Import took 0.023431 seconds .

========================================================================
Received Import Request.
  Time since last request: 1.391500 seconds.
  path: Assets/building.prefab
  artifactKey: Guid(9f1186ed1d4196644896d34acf8fbaf0) Importer(815301076,1909f56bfc062723c751e8b465ee728b)
Start importing Assets/building.prefab using Guid(9f1186ed1d4196644896d34acf8fbaf0) Importer(815301076,1909f56bfc062723c751e8b465ee728b)  -> (artifact id: 'a135a5065e168789d9e26f74e1dd6f8c') in 0.018865 seconds 
  Import took 0.023183 seconds .

========================================================================
Received Import Request.
  Time since last request: 1.383984 seconds.
  path: Assets/building.prefab
  artifactKey: Guid(9f1186ed1d4196644896d34acf8fbaf0) Importer(815301076,1909f56bfc062723c751e8b465ee728b)
Start importing Assets/building.prefab using Guid(9f1186ed1d4196644896d34acf8fbaf0) Importer(815301076,1909f56bfc062723c751e8b465ee728b)  -> (artifact id: '9871a3f2d9acda098bd0da4ff5565571') in 0.024409 seconds 
  Import took 0.028200 seconds .

========================================================================
Received Import Request.
  Time since last request: 9.287282 seconds.
  path: Assets/building.prefab
  artifactKey: Guid(9f1186ed1d4196644896d34acf8fbaf0) Importer(815301076,1909f56bfc062723c751e8b465ee728b)
Start importing Assets/building.prefab using Guid(9f1186ed1d4196644896d34acf8fbaf0) Importer(815301076,1909f56bfc062723c751e8b465ee728b)  -> (artifact id: '79873d0d196af27ac3bb0fbeba19cc74') in 0.020704 seconds 
  Import took 0.026154 seconds .

========================================================================
Received Import Request.
  Time since last request: 31.279203 seconds.
  path: Assets/building.prefab
  artifactKey: Guid(9f1186ed1d4196644896d34acf8fbaf0) Importer(815301076,1909f56bfc062723c751e8b465ee728b)
Start importing Assets/building.prefab using Guid(9f1186ed1d4196644896d34acf8fbaf0) Importer(815301076,1909f56bfc062723c751e8b465ee728b)  -> (artifact id: 'a199ef141d7a5e0849f4447abc9f05ea') in 0.029044 seconds 
  Import took 0.032097 seconds .

========================================================================
Received Import Request.
  Time since last request: 3.399046 seconds.
  path: Assets/building.prefab
  artifactKey: Guid(9f1186ed1d4196644896d34acf8fbaf0) Importer(815301076,1909f56bfc062723c751e8b465ee728b)
Start importing Assets/building.prefab using Guid(9f1186ed1d4196644896d34acf8fbaf0) Importer(815301076,1909f56bfc062723c751e8b465ee728b)  -> (artifact id: '7e8f3bb62a335822d4557d5b58d24b52') in 0.024774 seconds 
  Import took 0.028401 seconds .

========================================================================
Received Import Request.
  Time since last request: 11.119476 seconds.
  path: Assets/building.prefab
  artifactKey: Guid(9f1186ed1d4196644896d34acf8fbaf0) Importer(815301076,1909f56bfc062723c751e8b465ee728b)
Start importing Assets/building.prefab using Guid(9f1186ed1d4196644896d34acf8fbaf0) Importer(815301076,1909f56bfc062723c751e8b465ee728b)  -> (artifact id: '0b0d3884f9c6621b6a2cb797a68efa12') in 0.023318 seconds 
  Import took 0.030033 seconds .

========================================================================
Received Import Request.
  Time since last request: 23.677364 seconds.
  path: Assets/building.prefab
  artifactKey: Guid(9f1186ed1d4196644896d34acf8fbaf0) Importer(815301076,1909f56bfc062723c751e8b465ee728b)
Start importing Assets/building.prefab using Guid(9f1186ed1d4196644896d34acf8fbaf0) Importer(815301076,1909f56bfc062723c751e8b465ee728b)  -> (artifact id: '996febc386521fa2ac4f4766db6fa7f9') in 0.026381 seconds 
  Import took 0.029493 seconds .

========================================================================
Received Import Request.
  Time since last request: 4.212125 seconds.
  path: Assets/building.prefab
  artifactKey: Guid(9f1186ed1d4196644896d34acf8fbaf0) Importer(815301076,1909f56bfc062723c751e8b465ee728b)
Start importing Assets/building.prefab using Guid(9f1186ed1d4196644896d34acf8fbaf0) Importer(815301076,1909f56bfc062723c751e8b465ee728b)  -> (artifact id: '5e482be7f01b2130200798128c1130eb') in 0.023348 seconds 
  Import took 0.028661 seconds .

========================================================================
Received Import Request.
  Time since last request: 9.885932 seconds.
  path: Assets/building.prefab
  artifactKey: Guid(9f1186ed1d4196644896d34acf8fbaf0) Importer(815301076,1909f56bfc062723c751e8b465ee728b)
Start importing Assets/building.prefab using Guid(9f1186ed1d4196644896d34acf8fbaf0) Importer(815301076,1909f56bfc062723c751e8b465ee728b)  -> (artifact id: 'c72e6c52ea26def556a124d60ea6d9a2') in 0.026562 seconds 
  Import took 0.033064 seconds .

========================================================================
Received Import Request.
  Time since last request: 7.289463 seconds.
  path: Assets/Materials
  artifactKey: Guid(e7904473fabddac4baa26ef595a483a8) Importer(815301076,1909f56bfc062723c751e8b465ee728b)
Start importing Assets/Materials using Guid(e7904473fabddac4baa26ef595a483a8) Importer(815301076,1909f56bfc062723c751e8b465ee728b)  -> (artifact id: '2a8278aa0420e8ad5a45945a014efa52') in 0.009306 seconds 
  Import took 0.016353 seconds .

========================================================================
Received Import Request.
  Time since last request: 35.293185 seconds.
  path: Assets/building
  artifactKey: Guid(ea0befbfae3a8bb4a97113a36e8d14a6) Importer(815301076,1909f56bfc062723c751e8b465ee728b)
Start importing Assets/building using Guid(ea0befbfae3a8bb4a97113a36e8d14a6) Importer(815301076,1909f56bfc062723c751e8b465ee728b)  -> (artifact id: '8df95c060ad9f7d1a6661ed18745b90b') in 0.002229 seconds 
  Import took 0.004668 seconds .

========================================================================
Received Import Request.
  Time since last request: 8.664772 seconds.
  path: Assets/building/step.mat
  artifactKey: Guid(c8bc11b4c79fe3b449e775ddfeb7db5e) Importer(815301076,1909f56bfc062723c751e8b465ee728b)
Start importing Assets/building/step.mat using Guid(c8bc11b4c79fe3b449e775ddfeb7db5e) Importer(815301076,1909f56bfc062723c751e8b465ee728b)  -> (artifact id: 'f074b2737eb647e5b20cd3f8f154fc34') in 0.027386 seconds 
  Import took 0.031822 seconds .

========================================================================
Received Import Request.
  Time since last request: 8.063255 seconds.
  path: Assets/building/door1.mat
  artifactKey: Guid(e67d6076fce98a649a66f506b537ba12) Importer(815301076,1909f56bfc062723c751e8b465ee728b)
Start importing Assets/building/door1.mat using Guid(e67d6076fce98a649a66f506b537ba12) Importer(815301076,1909f56bfc062723c751e8b465ee728b)  -> (artifact id: 'c037865de3c7ef47ea1f0d9999aed4e4') in 0.018801 seconds 
  Import took 0.021536 seconds .

========================================================================
Received Import Request.
  Time since last request: 4.713672 seconds.
  path: Assets/building/door2.mat
  artifactKey: Guid(a05f2fec1ae1029408a63c5132a1729e) Importer(815301076,1909f56bfc062723c751e8b465ee728b)
Start importing Assets/building/door2.mat using Guid(a05f2fec1ae1029408a63c5132a1729e) Importer(815301076,1909f56bfc062723c751e8b465ee728b)  -> (artifact id: 'faaacdfd8f9cb2fc4880a5c4061c61c7') in 0.020058 seconds 
  Import took 0.026124 seconds .

========================================================================
Received Import Request.
  Time since last request: 4.269228 seconds.
  path: Assets/building/railing.mat
  artifactKey: Guid(db503b5c810a84d42b3ee2449d30107f) Importer(815301076,1909f56bfc062723c751e8b465ee728b)
Start importing Assets/building/railing.mat using Guid(db503b5c810a84d42b3ee2449d30107f) Importer(815301076,1909f56bfc062723c751e8b465ee728b)  -> (artifact id: '86c506cc845ddb54a19887ca6183a52b') in 0.018208 seconds 
  Import took 0.020743 seconds .

========================================================================
Received Import Request.
  Time since last request: 73.866286 seconds.
  path: Assets/building.prefab
  artifactKey: Guid(9f1186ed1d4196644896d34acf8fbaf0) Importer(815301076,1909f56bfc062723c751e8b465ee728b)
Start importing Assets/building.prefab using Guid(9f1186ed1d4196644896d34acf8fbaf0) Importer(815301076,1909f56bfc062723c751e8b465ee728b)  -> (artifact id: 'd8bdf521c04b769107f27e6ca56ec79b') in 0.021627 seconds 
  Import took 0.024944 seconds .

AssetImportWorkerClient::OnTransportError - code=2 error=End of file
