Using pre-set license
Built from '2020.3/staging' branch; Version is '2020.3.14f1 (d0d1bb862f9d) revision 13685179'; Using compiler version '192528614'; Build Type 'Release'
OS: 'Windows 10 Home; OS build 19042.1110; Version 2009; 64bit' Language: 'en' Physical Memory: 8034 MB
BatchMode: 1, IsHumanControllingUs: 0, StartBugReporterOnCrash: 0, Is64bit: 1, IsPro: 0

 COMMAND LINE ARGUMENTS:
C:\Program Files\Unity\Hub\Editor\2020.3.14f1\Editor\Unity.exe
-adb2
-batchMode
-noUpm
-name
AssetImportWorker0
-projectPath
C:/Users/ninja/Documents/GitHub/One-Time-Runner/Group project
-logFile
Logs/AssetImportWorker0.log
-srvPort
57096
Successfully changed project path to: C:/Users/ninja/Documents/GitHub/One-Time-Runner/Group project
C:/Users/ninja/Documents/GitHub/One-Time-Runner/Group project
Using Asset Import Pipeline V2.
Refreshing native plugins compatible for Editor in 31.75 ms, found 2 plugins.
Preloading 0 native plugins for Editor in 0.00 ms.
Initialize engine version: 2020.3.14f1 (d0d1bb862f9d)
[Subsystems] Discovering subsystems at path C:/Program Files/Unity/Hub/Editor/2020.3.14f1/Editor/Data/Resources/UnitySubsystems
[Subsystems] Discovering subsystems at path C:/Users/ninja/Documents/GitHub/One-Time-Runner/Group project/Assets
GfxDevice: creating device client; threaded=0
Direct3D:
    Version:  Direct3D 11.0 [level 11.1]
    Renderer: NVIDIA GeForce GTX 1050 Ti (ID=0x1c8c)
    Vendor:   
    VRAM:     4029 MB
    Driver:   23.21.13.8873
Initialize mono
Mono path[0] = 'C:/Program Files/Unity/Hub/Editor/2020.3.14f1/Editor/Data/Managed'
Mono path[1] = 'C:/Program Files/Unity/Hub/Editor/2020.3.14f1/Editor/Data/MonoBleedingEdge/lib/mono/unityjit'
Mono config path = 'C:/Program Files/Unity/Hub/Editor/2020.3.14f1/Editor/Data/MonoBleedingEdge/etc'
Using monoOptions --debugger-agent=transport=dt_socket,embedding=1,server=y,suspend=n,address=127.0.0.1:56364
Begin MonoManager ReloadAssembly
Registering precompiled unity dll's ...
Register platform support module: C:/Program Files/Unity/Hub/Editor/2020.3.14f1/Editor/Data/PlaybackEngines/MacStandaloneSupport/UnityEditor.OSXStandalone.Extensions.dll
Register platform support module: C:/Program Files/Unity/Hub/Editor/2020.3.14f1/Editor/Data/PlaybackEngines/WindowsStandaloneSupport/UnityEditor.WindowsStandalone.Extensions.dll
Registered in 0.004405 seconds.
Native extension for WindowsStandalone target not found
Native extension for OSXStandalone target not found
Refreshing native plugins compatible for Editor in 28.72 ms, found 2 plugins.
Preloading 0 native plugins for Editor in 0.00 ms.
Mono: successfully reloaded assembly
- Completed reload, in  4.133 seconds
Domain Reload Profiling:
	ReloadAssembly (4134ms)
		BeginReloadAssembly (60ms)
			ExecutionOrderSort (0ms)
			DisableScriptedObjects (0ms)
			BackupInstance (0ms)
			ReleaseScriptingObjects (0ms)
			CreateAndSetChildDomain (1ms)
		EndReloadAssembly (481ms)
			LoadAssemblies (59ms)
			RebuildTransferFunctionScriptingTraits (0ms)
			SetupTypeCache (182ms)
			ReleaseScriptCaches (0ms)
			RebuildScriptCaches (37ms)
			SetupLoadedEditorAssemblies (173ms)
				LogAssemblyErrors (0ms)
				InitializePlatformSupportModulesInManaged (7ms)
				SetLoadedEditorAssemblies (0ms)
				RefreshPlugins (29ms)
				BeforeProcessingInitializeOnLoad (8ms)
				ProcessInitializeOnLoadAttributes (94ms)
				ProcessInitializeOnLoadMethodAttributes (35ms)
				AfterProcessingInitializeOnLoad (0ms)
				EditorAssembliesLoaded (0ms)
			ExecutionOrderSort2 (0ms)
			AwakeInstancesAfterBackupRestoration (0ms)
Platform modules already initialized, skipping
Registering precompiled user dll's ...
Registered in 0.012545 seconds.
Begin MonoManager ReloadAssembly
Native extension for WindowsStandalone target not found
Native extension for OSXStandalone target not found
Refreshing native plugins compatible for Editor in 0.28 ms, found 2 plugins.
Preloading 0 native plugins for Editor in 0.00 ms.
Mono: successfully reloaded assembly
- Completed reload, in  1.298 seconds
Domain Reload Profiling:
	ReloadAssembly (1299ms)
		BeginReloadAssembly (171ms)
			ExecutionOrderSort (0ms)
			DisableScriptedObjects (4ms)
			BackupInstance (0ms)
			ReleaseScriptingObjects (0ms)
			CreateAndSetChildDomain (27ms)
		EndReloadAssembly (1038ms)
			LoadAssemblies (134ms)
			RebuildTransferFunctionScriptingTraits (0ms)
			SetupTypeCache (374ms)
			ReleaseScriptCaches (0ms)
			RebuildScriptCaches (48ms)
			SetupLoadedEditorAssemblies (361ms)
				LogAssemblyErrors (0ms)
				InitializePlatformSupportModulesInManaged (10ms)
				SetLoadedEditorAssemblies (0ms)
				RefreshPlugins (0ms)
				BeforeProcessingInitializeOnLoad (70ms)
				ProcessInitializeOnLoadAttributes (267ms)
				ProcessInitializeOnLoadMethodAttributes (6ms)
				AfterProcessingInitializeOnLoad (7ms)
				EditorAssembliesLoaded (0ms)
			ExecutionOrderSort2 (0ms)
			AwakeInstancesAfterBackupRestoration (8ms)
Platform modules already initialized, skipping
========================================================================
Worker process is ready to serve import requests
Launched and connected shader compiler UnityShaderCompiler.exe after 0.07 seconds
Refreshing native plugins compatible for Editor in 0.29 ms, found 2 plugins.
Preloading 0 native plugins for Editor in 0.00 ms.
Unloading 1391 Unused Serialized files (Serialized files now loaded: 0)
System memory in use before: 64.7 MB.
System memory in use after: 64.8 MB.

Unloading 18 unused Assets to reduce memory usage. Loaded Objects now: 1825.
Total: 2.466400 ms (FindLiveObjects: 0.223000 ms CreateObjectMapping: 0.048800 ms MarkObjects: 2.139800 ms  DeleteObjects: 0.053600 ms)

AssetImportParameters requested are different than current active one (requested -> active):
  custom:framework-win-MediaFoundation: 216162199b28c13a410421893ffa2e32 -> 
  custom:video-decoder-ogg-theora: a1e56fd34408186e4bbccfd4996cb3dc -> 
  custom:container-muxer-webm: aa71ff27fc2769a1b78a27578f13a17b -> 
  custom:container-demuxer-webm: 4f35f7cbe854078d1ac9338744f61a02 -> 
  custom:container-demuxer-ogg: 62fdf1f143b41e24485cea50d1cbac27 -> 
  custom:video-encoder-webm-vp8: eb34c28f22e8b96e1ab97ce403110664 -> 
  custom:video-decoder-webm-vp8: 9c59270c3fd7afecdb556c50c9e8de78 -> 
  custom:audio-decoder-ogg-vorbis: bf7c407c2cedff20999df2af8eb42d56 -> 
  custom:audio-encoder-webm-vorbis: bf7c407c2cedff20999df2af8eb42d56 -> 
========================================================================
Received Import Request.
  path: Assets/track/New Material 1.mat
  artifactKey: Guid(172444b64fd0d524cb6aa79780e9787d) Importer(815301076,1909f56bfc062723c751e8b465ee728b)
Start importing Assets/track/New Material 1.mat using Guid(172444b64fd0d524cb6aa79780e9787d) Importer(815301076,1909f56bfc062723c751e8b465ee728b)  -> (artifact id: 'bc74f2137844768d5dbe3bfeecc04688') in 0.395367 seconds 
  Import took 0.399393 seconds .

========================================================================
Received Import Request.
  Time since last request: 622.675273 seconds.
  path: Assets/track/GameObject.prefab
  artifactKey: Guid(f31fe0515026e4f4897839673596e89f) Importer(815301076,1909f56bfc062723c751e8b465ee728b)
Start importing Assets/track/GameObject.prefab using Guid(f31fe0515026e4f4897839673596e89f) Importer(815301076,1909f56bfc062723c751e8b465ee728b)  -> (artifact id: 'a10320a6a393519ae8718bb95f6715d2') in 0.030751 seconds 
  Import took 0.035829 seconds .

========================================================================
Received Import Request.
  Time since last request: 0.000707 seconds.
  path: Assets/track/GameObject.prefab
  artifactKey: Guid(f31fe0515026e4f4897839673596e89f) Importer(815301076,1909f56bfc062723c751e8b465ee728b)
Start importing Assets/track/GameObject.prefab using Guid(f31fe0515026e4f4897839673596e89f) Importer(815301076,1909f56bfc062723c751e8b465ee728b)  -> (artifact id: 'a10320a6a393519ae8718bb95f6715d2') in 0.009881 seconds 
  Import took 0.013614 seconds .

========================================================================
Received Import Request.
  Time since last request: 9.172079 seconds.
  path: Assets/track/GameObject.prefab
  artifactKey: Guid(f31fe0515026e4f4897839673596e89f) Importer(815301076,1909f56bfc062723c751e8b465ee728b)
Start importing Assets/track/GameObject.prefab using Guid(f31fe0515026e4f4897839673596e89f) Importer(815301076,1909f56bfc062723c751e8b465ee728b)  -> (artifact id: 'a140f9033a8e77deb2f0891c2e59cc5c') in 0.052874 seconds 
  Import took 0.056069 seconds .

========================================================================
Received Import Request.
  Time since last request: 6.978461 seconds.
  path: Assets/track/GameObject.prefab
  artifactKey: Guid(f31fe0515026e4f4897839673596e89f) Importer(815301076,1909f56bfc062723c751e8b465ee728b)
Start importing Assets/track/GameObject.prefab using Guid(f31fe0515026e4f4897839673596e89f) Importer(815301076,1909f56bfc062723c751e8b465ee728b)  -> (artifact id: '10a065e710b798b6de36a107d2f12c00') in 0.015374 seconds 
  Import took 0.019236 seconds .

========================================================================
Received Import Request.
  Time since last request: 1.403926 seconds.
  path: Assets/track/GameObject.prefab
  artifactKey: Guid(f31fe0515026e4f4897839673596e89f) Importer(815301076,1909f56bfc062723c751e8b465ee728b)
Start importing Assets/track/GameObject.prefab using Guid(f31fe0515026e4f4897839673596e89f) Importer(815301076,1909f56bfc062723c751e8b465ee728b)  -> (artifact id: 'ea250e13b802b4d7274b6e444f860a95') in 0.015355 seconds 
  Import took 0.024182 seconds .

========================================================================
Received Import Request.
  Time since last request: 0.986143 seconds.
  path: Assets/track/GameObject.prefab
  artifactKey: Guid(f31fe0515026e4f4897839673596e89f) Importer(815301076,1909f56bfc062723c751e8b465ee728b)
Start importing Assets/track/GameObject.prefab using Guid(f31fe0515026e4f4897839673596e89f) Importer(815301076,1909f56bfc062723c751e8b465ee728b)  -> (artifact id: '436b933552dec25f0f4dbd92eea1f443') in 0.021854 seconds 
  Import took 0.030403 seconds .

========================================================================
Received Import Request.
  Time since last request: 1.588900 seconds.
  path: Assets/track/GameObject.prefab
  artifactKey: Guid(f31fe0515026e4f4897839673596e89f) Importer(815301076,1909f56bfc062723c751e8b465ee728b)
Start importing Assets/track/GameObject.prefab using Guid(f31fe0515026e4f4897839673596e89f) Importer(815301076,1909f56bfc062723c751e8b465ee728b)  -> (artifact id: 'c209551e5cd2e8aab9419ed3de72f3d9') in 0.027526 seconds 
  Import took 0.030873 seconds .

========================================================================
Received Import Request.
  Time since last request: 2.796121 seconds.
  path: Assets/track/GameObject.prefab
  artifactKey: Guid(f31fe0515026e4f4897839673596e89f) Importer(815301076,1909f56bfc062723c751e8b465ee728b)
Start importing Assets/track/GameObject.prefab using Guid(f31fe0515026e4f4897839673596e89f) Importer(815301076,1909f56bfc062723c751e8b465ee728b)  -> (artifact id: '01776ba7dd82f24c9231aa99b8dc7f92') in 0.019970 seconds 
  Import took 0.022485 seconds .

========================================================================
Received Import Request.
  Time since last request: 2.409058 seconds.
  path: Assets/track/GameObject.prefab
  artifactKey: Guid(f31fe0515026e4f4897839673596e89f) Importer(815301076,1909f56bfc062723c751e8b465ee728b)
Start importing Assets/track/GameObject.prefab using Guid(f31fe0515026e4f4897839673596e89f) Importer(815301076,1909f56bfc062723c751e8b465ee728b)  -> (artifact id: 'd956c6eb67bf4b0b183c08665a744d73') in 0.020126 seconds 
  Import took 0.024931 seconds .

========================================================================
Received Import Request.
  Time since last request: 1.980902 seconds.
  path: Assets/track/GameObject.prefab
  artifactKey: Guid(f31fe0515026e4f4897839673596e89f) Importer(815301076,1909f56bfc062723c751e8b465ee728b)
Start importing Assets/track/GameObject.prefab using Guid(f31fe0515026e4f4897839673596e89f) Importer(815301076,1909f56bfc062723c751e8b465ee728b)  -> (artifact id: '74efc145af733497a3b7747937371c30') in 0.020157 seconds 
  Import took 0.026431 seconds .

========================================================================
Received Import Request.
  Time since last request: 8.073715 seconds.
  path: Assets/track/GameObject.prefab
  artifactKey: Guid(f31fe0515026e4f4897839673596e89f) Importer(815301076,1909f56bfc062723c751e8b465ee728b)
Start importing Assets/track/GameObject.prefab using Guid(f31fe0515026e4f4897839673596e89f) Importer(815301076,1909f56bfc062723c751e8b465ee728b)  -> (artifact id: 'a27e5f31d8c864c003904202376a3dee') in 0.019600 seconds 
  Import took 0.024719 seconds .

========================================================================
Received Import Request.
  Time since last request: 3.620721 seconds.
  path: Assets/track/GameObject.prefab
  artifactKey: Guid(f31fe0515026e4f4897839673596e89f) Importer(815301076,1909f56bfc062723c751e8b465ee728b)
Start importing Assets/track/GameObject.prefab using Guid(f31fe0515026e4f4897839673596e89f) Importer(815301076,1909f56bfc062723c751e8b465ee728b)  -> (artifact id: '0e37e36dcfb8ea1ede926c1ae94cbeb0') in 0.023658 seconds 
  Import took 0.026741 seconds .

========================================================================
Received Import Request.
  Time since last request: 4.229729 seconds.
  path: Assets/track/GameObject.prefab
  artifactKey: Guid(f31fe0515026e4f4897839673596e89f) Importer(815301076,1909f56bfc062723c751e8b465ee728b)
Start importing Assets/track/GameObject.prefab using Guid(f31fe0515026e4f4897839673596e89f) Importer(815301076,1909f56bfc062723c751e8b465ee728b)  -> (artifact id: '2473f726825515ded40282f5389e0c75') in 0.016336 seconds 
  Import took 0.019629 seconds .

========================================================================
Received Import Request.
  Time since last request: 1.604539 seconds.
  path: Assets/track/GameObject.prefab
  artifactKey: Guid(f31fe0515026e4f4897839673596e89f) Importer(815301076,1909f56bfc062723c751e8b465ee728b)
Start importing Assets/track/GameObject.prefab using Guid(f31fe0515026e4f4897839673596e89f) Importer(815301076,1909f56bfc062723c751e8b465ee728b)  -> (artifact id: '1690da380125c2da9bd8f02079043bef') in 0.017414 seconds 
  Import took 0.023871 seconds .

========================================================================
Received Import Request.
  Time since last request: 3.203286 seconds.
  path: Assets/track/GameObject.prefab
  artifactKey: Guid(f31fe0515026e4f4897839673596e89f) Importer(815301076,1909f56bfc062723c751e8b465ee728b)
Start importing Assets/track/GameObject.prefab using Guid(f31fe0515026e4f4897839673596e89f) Importer(815301076,1909f56bfc062723c751e8b465ee728b)  -> (artifact id: 'a74ec0d36431c1e28922b5e173356516') in 0.015446 seconds 
  Import took 0.018461 seconds .

========================================================================
Received Import Request.
  Time since last request: 6.241836 seconds.
  path: Assets/track/GameObject.prefab
  artifactKey: Guid(f31fe0515026e4f4897839673596e89f) Importer(815301076,1909f56bfc062723c751e8b465ee728b)
Start importing Assets/track/GameObject.prefab using Guid(f31fe0515026e4f4897839673596e89f) Importer(815301076,1909f56bfc062723c751e8b465ee728b)  -> (artifact id: '3fd81d763f1b45e9b273ddb23967e07c') in 0.017993 seconds 
  Import took 0.021831 seconds .

========================================================================
Received Import Request.
  Time since last request: 2.790085 seconds.
  path: Assets/track/GameObject.prefab
  artifactKey: Guid(f31fe0515026e4f4897839673596e89f) Importer(815301076,1909f56bfc062723c751e8b465ee728b)
Start importing Assets/track/GameObject.prefab using Guid(f31fe0515026e4f4897839673596e89f) Importer(815301076,1909f56bfc062723c751e8b465ee728b)  -> (artifact id: 'be8b119daf1e034416455e424788b9d0') in 0.013493 seconds 
  Import took 0.022412 seconds .

========================================================================
Received Import Request.
  Time since last request: 6.036257 seconds.
  path: Assets/track/GameObject.prefab
  artifactKey: Guid(f31fe0515026e4f4897839673596e89f) Importer(815301076,1909f56bfc062723c751e8b465ee728b)
Start importing Assets/track/GameObject.prefab using Guid(f31fe0515026e4f4897839673596e89f) Importer(815301076,1909f56bfc062723c751e8b465ee728b)  -> (artifact id: '078401ced399a8471a3322480e90f3c5') in 0.015068 seconds 
  Import took 0.017631 seconds .

========================================================================
Received Import Request.
  Time since last request: 5.057996 seconds.
  path: Assets/track/GameObject.prefab
  artifactKey: Guid(f31fe0515026e4f4897839673596e89f) Importer(815301076,1909f56bfc062723c751e8b465ee728b)
Start importing Assets/track/GameObject.prefab using Guid(f31fe0515026e4f4897839673596e89f) Importer(815301076,1909f56bfc062723c751e8b465ee728b)  -> (artifact id: 'a35aa368fbdb7c7833e1ea80f5abebfd') in 0.022144 seconds 
  Import took 0.024802 seconds .

========================================================================
Received Import Request.
  Time since last request: 6.212267 seconds.
  path: Assets/track/GameObject.prefab
  artifactKey: Guid(f31fe0515026e4f4897839673596e89f) Importer(815301076,1909f56bfc062723c751e8b465ee728b)
Start importing Assets/track/GameObject.prefab using Guid(f31fe0515026e4f4897839673596e89f) Importer(815301076,1909f56bfc062723c751e8b465ee728b)  -> (artifact id: 'b4c6af1242854f699578ff2102c30005') in 0.017020 seconds 
  Import took 0.019651 seconds .

========================================================================
Received Import Request.
  Time since last request: 1.428313 seconds.
  path: Assets/track/GameObject.prefab
  artifactKey: Guid(f31fe0515026e4f4897839673596e89f) Importer(815301076,1909f56bfc062723c751e8b465ee728b)
Start importing Assets/track/GameObject.prefab using Guid(f31fe0515026e4f4897839673596e89f) Importer(815301076,1909f56bfc062723c751e8b465ee728b)  -> (artifact id: '22dac7daf38e75e7a1804bc94fc6afc7') in 0.016694 seconds 
  Import took 0.019813 seconds .

========================================================================
Received Import Request.
  Time since last request: 10.580257 seconds.
  path: Assets/track/GameObject.prefab
  artifactKey: Guid(f31fe0515026e4f4897839673596e89f) Importer(815301076,1909f56bfc062723c751e8b465ee728b)
Start importing Assets/track/GameObject.prefab using Guid(f31fe0515026e4f4897839673596e89f) Importer(815301076,1909f56bfc062723c751e8b465ee728b)  -> (artifact id: '2b6a13e4a0c081e33026bd41b9eb4e2c') in 0.012923 seconds 
  Import took 0.015283 seconds .

========================================================================
Received Import Request.
  Time since last request: 4.836341 seconds.
  path: Assets/track/GameObject.prefab
  artifactKey: Guid(f31fe0515026e4f4897839673596e89f) Importer(815301076,1909f56bfc062723c751e8b465ee728b)
Start importing Assets/track/GameObject.prefab using Guid(f31fe0515026e4f4897839673596e89f) Importer(815301076,1909f56bfc062723c751e8b465ee728b)  -> (artifact id: '6442e462c93c6f9bd72d6ff2a2117017') in 0.020411 seconds 
  Import took 0.026127 seconds .

========================================================================
Received Import Request.
  Time since last request: 4.826428 seconds.
  path: Assets/track/GameObject.prefab
  artifactKey: Guid(f31fe0515026e4f4897839673596e89f) Importer(815301076,1909f56bfc062723c751e8b465ee728b)
Start importing Assets/track/GameObject.prefab using Guid(f31fe0515026e4f4897839673596e89f) Importer(815301076,1909f56bfc062723c751e8b465ee728b)  -> (artifact id: 'c614bd881bc5ad14455adee46b154a9f') in 0.018214 seconds 
  Import took 0.021521 seconds .

========================================================================
Received Import Request.
  Time since last request: 3.421204 seconds.
  path: Assets/track/GameObject.prefab
  artifactKey: Guid(f31fe0515026e4f4897839673596e89f) Importer(815301076,1909f56bfc062723c751e8b465ee728b)
Start importing Assets/track/GameObject.prefab using Guid(f31fe0515026e4f4897839673596e89f) Importer(815301076,1909f56bfc062723c751e8b465ee728b)  -> (artifact id: '333cd6a3197fbf3605a70847b1c60349') in 0.015927 seconds 
  Import took 0.022022 seconds .

========================================================================
Received Import Request.
  Time since last request: 3.402458 seconds.
  path: Assets/track/GameObject.prefab
  artifactKey: Guid(f31fe0515026e4f4897839673596e89f) Importer(815301076,1909f56bfc062723c751e8b465ee728b)
Start importing Assets/track/GameObject.prefab using Guid(f31fe0515026e4f4897839673596e89f) Importer(815301076,1909f56bfc062723c751e8b465ee728b)  -> (artifact id: 'c3dbfb16236141c2ca049acc2af74058') in 0.017764 seconds 
  Import took 0.020133 seconds .

========================================================================
Received Import Request.
  Time since last request: 54.523275 seconds.
  path: Assets/track/GameObject.prefab
  artifactKey: Guid(f31fe0515026e4f4897839673596e89f) Importer(815301076,1909f56bfc062723c751e8b465ee728b)
Start importing Assets/track/GameObject.prefab using Guid(f31fe0515026e4f4897839673596e89f) Importer(815301076,1909f56bfc062723c751e8b465ee728b)  -> (artifact id: 'f1efa180c0c54291d1d6aec4ad64e5f2') in 0.017463 seconds 
  Import took 0.020030 seconds .

========================================================================
Received Import Request.
  Time since last request: 241.520806 seconds.
  path: Assets/track/New Material 2.mat
  artifactKey: Guid(3151af55d2ed0e5459146fbfc353711e) Importer(815301076,1909f56bfc062723c751e8b465ee728b)
Start importing Assets/track/New Material 2.mat using Guid(3151af55d2ed0e5459146fbfc353711e) Importer(815301076,1909f56bfc062723c751e8b465ee728b)  -> (artifact id: 'ba0184a5b1c50890a6b3f2ad10ca909c') in 0.078582 seconds 
  Import took 0.082025 seconds .

========================================================================
Received Import Request.
  Time since last request: 17.863401 seconds.
  path: Assets/track/GameObject.prefab
  artifactKey: Guid(f31fe0515026e4f4897839673596e89f) Importer(815301076,1909f56bfc062723c751e8b465ee728b)
Start importing Assets/track/GameObject.prefab using Guid(f31fe0515026e4f4897839673596e89f) Importer(815301076,1909f56bfc062723c751e8b465ee728b)  -> (artifact id: 'f645797229f5da62f84f726f693353c7') in 0.018458 seconds 
  Import took 0.021199 seconds .

========================================================================
Received Import Request.
  Time since last request: 0.999153 seconds.
  path: Assets/track/GameObject.prefab
  artifactKey: Guid(f31fe0515026e4f4897839673596e89f) Importer(815301076,1909f56bfc062723c751e8b465ee728b)
Start importing Assets/track/GameObject.prefab using Guid(f31fe0515026e4f4897839673596e89f) Importer(815301076,1909f56bfc062723c751e8b465ee728b)  -> (artifact id: '9c9f8875bff17a6605f015168ba746d3') in 0.011952 seconds 
  Import took 0.015302 seconds .

========================================================================
Received Import Request.
  Time since last request: 152.092251 seconds.
  path: Assets/track/stair.prefab
  artifactKey: Guid(1780eb49ff799884e89c5db7a32dd885) Importer(815301076,1909f56bfc062723c751e8b465ee728b)
Start importing Assets/track/stair.prefab using Guid(1780eb49ff799884e89c5db7a32dd885) Importer(815301076,1909f56bfc062723c751e8b465ee728b)  -> (artifact id: 'f743a559e45211d08a57aa7f46ebf114') in 0.026625 seconds 
  Import took 0.030234 seconds .

========================================================================
Received Import Request.
  Time since last request: 1.974772 seconds.
  path: Assets/track/stair.prefab
  artifactKey: Guid(1780eb49ff799884e89c5db7a32dd885) Importer(815301076,1909f56bfc062723c751e8b465ee728b)
Start importing Assets/track/stair.prefab using Guid(1780eb49ff799884e89c5db7a32dd885) Importer(815301076,1909f56bfc062723c751e8b465ee728b)  -> (artifact id: 'a64f4ff7ee63ba57ce14d2b2312df351') in 0.012820 seconds 
  Import took 0.017363 seconds .

========================================================================
Received Import Request.
  Time since last request: 3.843140 seconds.
  path: Assets/track/stair.prefab
  artifactKey: Guid(1780eb49ff799884e89c5db7a32dd885) Importer(815301076,1909f56bfc062723c751e8b465ee728b)
Start importing Assets/track/stair.prefab using Guid(1780eb49ff799884e89c5db7a32dd885) Importer(815301076,1909f56bfc062723c751e8b465ee728b)  -> (artifact id: '1d392ce5cfc8443ed7f253934778c4ff') in 0.017472 seconds 
  Import took 0.020749 seconds .

========================================================================
Received Import Request.
  Time since last request: 5.628940 seconds.
  path: Assets/track/stair.prefab
  artifactKey: Guid(1780eb49ff799884e89c5db7a32dd885) Importer(815301076,1909f56bfc062723c751e8b465ee728b)
Start importing Assets/track/stair.prefab using Guid(1780eb49ff799884e89c5db7a32dd885) Importer(815301076,1909f56bfc062723c751e8b465ee728b)  -> (artifact id: '9ede0de0b7750f34ea7022383178cfad') in 0.017582 seconds 
  Import took 0.020079 seconds .

========================================================================
Received Import Request.
  Time since last request: 5.624503 seconds.
  path: Assets/track/stair.prefab
  artifactKey: Guid(1780eb49ff799884e89c5db7a32dd885) Importer(815301076,1909f56bfc062723c751e8b465ee728b)
Start importing Assets/track/stair.prefab using Guid(1780eb49ff799884e89c5db7a32dd885) Importer(815301076,1909f56bfc062723c751e8b465ee728b)  -> (artifact id: '46b61983cf2aae426fd4f30ec05d75be') in 0.016082 seconds 
  Import took 0.018817 seconds .

========================================================================
Received Import Request.
  Time since last request: 4.027500 seconds.
  path: Assets/track/stair.prefab
  artifactKey: Guid(1780eb49ff799884e89c5db7a32dd885) Importer(815301076,1909f56bfc062723c751e8b465ee728b)
Start importing Assets/track/stair.prefab using Guid(1780eb49ff799884e89c5db7a32dd885) Importer(815301076,1909f56bfc062723c751e8b465ee728b)  -> (artifact id: 'a296041b8edacd2d677879e2b9a476e0') in 0.018286 seconds 
  Import took 0.021526 seconds .

========================================================================
Received Import Request.
  Time since last request: 1.788511 seconds.
  path: Assets/track/stair.prefab
  artifactKey: Guid(1780eb49ff799884e89c5db7a32dd885) Importer(815301076,1909f56bfc062723c751e8b465ee728b)
Start importing Assets/track/stair.prefab using Guid(1780eb49ff799884e89c5db7a32dd885) Importer(815301076,1909f56bfc062723c751e8b465ee728b)  -> (artifact id: '24bce0b9cebd60eb7aae0e03ee012934') in 0.026270 seconds 
  Import took 0.033035 seconds .

========================================================================
Received Import Request.
  Time since last request: 3.595525 seconds.
  path: Assets/track/stair.prefab
  artifactKey: Guid(1780eb49ff799884e89c5db7a32dd885) Importer(815301076,1909f56bfc062723c751e8b465ee728b)
Start importing Assets/track/stair.prefab using Guid(1780eb49ff799884e89c5db7a32dd885) Importer(815301076,1909f56bfc062723c751e8b465ee728b)  -> (artifact id: '5e3903546e767fbbfc4baa2e88d83dd6') in 0.023714 seconds 
  Import took 0.026572 seconds .

========================================================================
Received Import Request.
  Time since last request: 230.891256 seconds.
  path: Assets/track/New Material 1.mat
  artifactKey: Guid(172444b64fd0d524cb6aa79780e9787d) Importer(815301076,1909f56bfc062723c751e8b465ee728b)
Start importing Assets/track/New Material 1.mat using Guid(172444b64fd0d524cb6aa79780e9787d) Importer(815301076,1909f56bfc062723c751e8b465ee728b)  -> (artifact id: '2c6eee09fbab71b355ab0a3d1be864df') in 0.021227 seconds 
  Import took 0.024016 seconds .

========================================================================
Received Import Request.
  Time since last request: 0.000361 seconds.
  path: Assets/track/New Material.mat
  artifactKey: Guid(5809ef565539a054caecb6fe3e1ac459) Importer(815301076,1909f56bfc062723c751e8b465ee728b)
Start importing Assets/track/New Material.mat using Guid(5809ef565539a054caecb6fe3e1ac459) Importer(815301076,1909f56bfc062723c751e8b465ee728b)  -> (artifact id: '66408656b751c22eea23bc12f36ccc31') in 0.022601 seconds 
  Import took 0.027197 seconds .

========================================================================
Received Import Request.
  Time since last request: 0.000520 seconds.
  path: Assets/track/New Material 2.mat
  artifactKey: Guid(3151af55d2ed0e5459146fbfc353711e) Importer(815301076,1909f56bfc062723c751e8b465ee728b)
Start importing Assets/track/New Material 2.mat using Guid(3151af55d2ed0e5459146fbfc353711e) Importer(815301076,1909f56bfc062723c751e8b465ee728b)  -> (artifact id: '1532ebab4ee48a0c86adbb4f4d7b86a0') in 0.017440 seconds 
  Import took 0.020948 seconds .

AssetImportWorkerClient::OnTransportError - code=2 error=End of file
