Using pre-set license
Built from '2020.3/staging' branch; Version is '2020.3.14f1 (d0d1bb862f9d) revision 13685179'; Using compiler version '192528614'; Build Type 'Release'
OS: 'Windows 10 Home; OS build 19042.1110; Version 2009; 64bit' Language: 'en' Physical Memory: 8034 MB
BatchMode: 1, IsHumanControllingUs: 0, StartBugReporterOnCrash: 0, Is64bit: 1, IsPro: 0

 COMMAND LINE ARGUMENTS:
C:\Program Files\Unity\Hub\Editor\2020.3.14f1\Editor\Unity.exe
-adb2
-batchMode
-noUpm
-name
AssetImportWorker0
-projectPath
C:/Users/ninja/Documents/GitHub/One-Time-Runner/Group project
-logFile
Logs/AssetImportWorker0.log
-srvPort
63710
Successfully changed project path to: C:/Users/ninja/Documents/GitHub/One-Time-Runner/Group project
C:/Users/ninja/Documents/GitHub/One-Time-Runner/Group project
Using Asset Import Pipeline V2.
Refreshing native plugins compatible for Editor in 37.60 ms, found 2 plugins.
Preloading 0 native plugins for Editor in 0.00 ms.
Initialize engine version: 2020.3.14f1 (d0d1bb862f9d)
[Subsystems] Discovering subsystems at path C:/Program Files/Unity/Hub/Editor/2020.3.14f1/Editor/Data/Resources/UnitySubsystems
[Subsystems] Discovering subsystems at path C:/Users/ninja/Documents/GitHub/One-Time-Runner/Group project/Assets
GfxDevice: creating device client; threaded=0
Direct3D:
    Version:  Direct3D 11.0 [level 11.1]
    Renderer: NVIDIA GeForce GTX 1050 Ti (ID=0x1c8c)
    Vendor:   
    VRAM:     4029 MB
    Driver:   23.21.13.8873
Initialize mono
Mono path[0] = 'C:/Program Files/Unity/Hub/Editor/2020.3.14f1/Editor/Data/Managed'
Mono path[1] = 'C:/Program Files/Unity/Hub/Editor/2020.3.14f1/Editor/Data/MonoBleedingEdge/lib/mono/unityjit'
Mono config path = 'C:/Program Files/Unity/Hub/Editor/2020.3.14f1/Editor/Data/MonoBleedingEdge/etc'
Using monoOptions --debugger-agent=transport=dt_socket,embedding=1,server=y,suspend=n,address=127.0.0.1:56448
Begin MonoManager ReloadAssembly
Registering precompiled unity dll's ...
Register platform support module: C:/Program Files/Unity/Hub/Editor/2020.3.14f1/Editor/Data/PlaybackEngines/MacStandaloneSupport/UnityEditor.OSXStandalone.Extensions.dll
Register platform support module: C:/Program Files/Unity/Hub/Editor/2020.3.14f1/Editor/Data/PlaybackEngines/WindowsStandaloneSupport/UnityEditor.WindowsStandalone.Extensions.dll
Registered in 0.002687 seconds.
Native extension for WindowsStandalone target not found
Native extension for OSXStandalone target not found
Refreshing native plugins compatible for Editor in 30.11 ms, found 2 plugins.
Preloading 0 native plugins for Editor in 0.00 ms.
Mono: successfully reloaded assembly
- Completed reload, in  4.592 seconds
Domain Reload Profiling:
	ReloadAssembly (4592ms)
		BeginReloadAssembly (61ms)
			ExecutionOrderSort (0ms)
			DisableScriptedObjects (0ms)
			BackupInstance (0ms)
			ReleaseScriptingObjects (0ms)
			CreateAndSetChildDomain (1ms)
		EndReloadAssembly (486ms)
			LoadAssemblies (59ms)
			RebuildTransferFunctionScriptingTraits (0ms)
			SetupTypeCache (173ms)
			ReleaseScriptCaches (0ms)
			RebuildScriptCaches (44ms)
			SetupLoadedEditorAssemblies (186ms)
				LogAssemblyErrors (0ms)
				InitializePlatformSupportModulesInManaged (5ms)
				SetLoadedEditorAssemblies (0ms)
				RefreshPlugins (30ms)
				BeforeProcessingInitializeOnLoad (7ms)
				ProcessInitializeOnLoadAttributes (108ms)
				ProcessInitializeOnLoadMethodAttributes (36ms)
				AfterProcessingInitializeOnLoad (0ms)
				EditorAssembliesLoaded (0ms)
			ExecutionOrderSort2 (0ms)
			AwakeInstancesAfterBackupRestoration (0ms)
Platform modules already initialized, skipping
Registering precompiled user dll's ...
Registered in 0.005524 seconds.
Begin MonoManager ReloadAssembly
Native extension for WindowsStandalone target not found
Native extension for OSXStandalone target not found
Refreshing native plugins compatible for Editor in 0.32 ms, found 2 plugins.
Preloading 0 native plugins for Editor in 0.00 ms.
Mono: successfully reloaded assembly
- Completed reload, in  1.181 seconds
Domain Reload Profiling:
	ReloadAssembly (1182ms)
		BeginReloadAssembly (161ms)
			ExecutionOrderSort (0ms)
			DisableScriptedObjects (7ms)
			BackupInstance (0ms)
			ReleaseScriptingObjects (0ms)
			CreateAndSetChildDomain (21ms)
		EndReloadAssembly (944ms)
			LoadAssemblies (93ms)
			RebuildTransferFunctionScriptingTraits (0ms)
			SetupTypeCache (333ms)
			ReleaseScriptCaches (0ms)
			RebuildScriptCaches (47ms)
			SetupLoadedEditorAssemblies (362ms)
				LogAssemblyErrors (0ms)
				InitializePlatformSupportModulesInManaged (6ms)
				SetLoadedEditorAssemblies (0ms)
				RefreshPlugins (0ms)
				BeforeProcessingInitializeOnLoad (77ms)
				ProcessInitializeOnLoadAttributes (267ms)
				ProcessInitializeOnLoadMethodAttributes (4ms)
				AfterProcessingInitializeOnLoad (8ms)
				EditorAssembliesLoaded (0ms)
			ExecutionOrderSort2 (0ms)
			AwakeInstancesAfterBackupRestoration (6ms)
Platform modules already initialized, skipping
========================================================================
Worker process is ready to serve import requests
Launched and connected shader compiler UnityShaderCompiler.exe after 0.08 seconds
Refreshing native plugins compatible for Editor in 0.28 ms, found 2 plugins.
Preloading 0 native plugins for Editor in 0.00 ms.
Unloading 1393 Unused Serialized files (Serialized files now loaded: 0)
System memory in use before: 64.9 MB.
System memory in use after: 64.9 MB.

Unloading 18 unused Assets to reduce memory usage. Loaded Objects now: 1827.
Total: 1.965200 ms (FindLiveObjects: 0.174300 ms CreateObjectMapping: 0.045400 ms MarkObjects: 1.680700 ms  DeleteObjects: 0.063800 ms)

AssetImportParameters requested are different than current active one (requested -> active):
  custom:framework-win-MediaFoundation: 216162199b28c13a410421893ffa2e32 -> 
  custom:video-decoder-ogg-theora: a1e56fd34408186e4bbccfd4996cb3dc -> 
  custom:container-muxer-webm: aa71ff27fc2769a1b78a27578f13a17b -> 
  custom:container-demuxer-webm: 4f35f7cbe854078d1ac9338744f61a02 -> 
  custom:container-demuxer-ogg: 62fdf1f143b41e24485cea50d1cbac27 -> 
  custom:video-encoder-webm-vp8: eb34c28f22e8b96e1ab97ce403110664 -> 
  custom:video-decoder-webm-vp8: 9c59270c3fd7afecdb556c50c9e8de78 -> 
  custom:audio-decoder-ogg-vorbis: bf7c407c2cedff20999df2af8eb42d56 -> 
  custom:audio-encoder-webm-vorbis: bf7c407c2cedff20999df2af8eb42d56 -> 
========================================================================
Received Import Request.
  path: Assets/Scenes/track.unity
  artifactKey: Guid(b99a2d3f3a0655d4bbbd44cb5f23d1d4) Importer(815301076,1909f56bfc062723c751e8b465ee728b)
Start importing Assets/Scenes/track.unity using Guid(b99a2d3f3a0655d4bbbd44cb5f23d1d4) Importer(815301076,1909f56bfc062723c751e8b465ee728b)  -> (artifact id: '910f95b2e73564a18392bf2866080a91') in 0.022585 seconds 
  Import took 0.026769 seconds .

========================================================================
Received Import Request.
  Time since last request: 0.000464 seconds.
  path: Assets/Scenes/SampleScene.unity
  artifactKey: Guid(9fc0d4010bbf28b4594072e72b8655ab) Importer(815301076,1909f56bfc062723c751e8b465ee728b)
Start importing Assets/Scenes/SampleScene.unity using Guid(9fc0d4010bbf28b4594072e72b8655ab) Importer(815301076,1909f56bfc062723c751e8b465ee728b)  -> (artifact id: '00a52641e929af13bf0a77d6d8e15793') in 0.007353 seconds 
  Import took 0.013265 seconds .

========================================================================
Received Import Request.
  Time since last request: 775.444477 seconds.
  path: Assets/track/sewer.prefab
  artifactKey: Guid(74dc2f347046f9747abe2ef14c40e106) Importer(815301076,1909f56bfc062723c751e8b465ee728b)
Start importing Assets/track/sewer.prefab using Guid(74dc2f347046f9747abe2ef14c40e106) Importer(815301076,1909f56bfc062723c751e8b465ee728b)  -> (artifact id: 'fa5af85ef61e32f16a6a9437cc808f05') in 0.115524 seconds 
  Import took 0.118676 seconds .

========================================================================
Received Import Request.
  Time since last request: 16.269398 seconds.
  path: Assets/track/sewer.prefab
  artifactKey: Guid(74dc2f347046f9747abe2ef14c40e106) Importer(815301076,1909f56bfc062723c751e8b465ee728b)
Start importing Assets/track/sewer.prefab using Guid(74dc2f347046f9747abe2ef14c40e106) Importer(815301076,1909f56bfc062723c751e8b465ee728b)  -> (artifact id: '4840e08e8ea1a948c9cbb8aa5e0bb6c9') in 0.100398 seconds 
  Import took 0.104517 seconds .

========================================================================
Received Import Request.
  Time since last request: 5.449126 seconds.
  path: Assets/track/sewer.prefab
  artifactKey: Guid(74dc2f347046f9747abe2ef14c40e106) Importer(815301076,1909f56bfc062723c751e8b465ee728b)
Start importing Assets/track/sewer.prefab using Guid(74dc2f347046f9747abe2ef14c40e106) Importer(815301076,1909f56bfc062723c751e8b465ee728b)  -> (artifact id: '770e5679c115c7b4b6ebcd3a76c88938') in 0.016937 seconds 
  Import took 0.020622 seconds .

========================================================================
Received Import Request.
  Time since last request: 21.475604 seconds.
  path: Assets/track/sewer.prefab
  artifactKey: Guid(74dc2f347046f9747abe2ef14c40e106) Importer(815301076,1909f56bfc062723c751e8b465ee728b)
Start importing Assets/track/sewer.prefab using Guid(74dc2f347046f9747abe2ef14c40e106) Importer(815301076,1909f56bfc062723c751e8b465ee728b)  -> (artifact id: 'e572fb30982cb86d6acf6c37e50ce56e') in 0.027870 seconds 
  Import took 0.031687 seconds .

========================================================================
Received Import Request.
  Time since last request: 7.996373 seconds.
  path: Assets/track/sewer.prefab
  artifactKey: Guid(74dc2f347046f9747abe2ef14c40e106) Importer(815301076,1909f56bfc062723c751e8b465ee728b)
Start importing Assets/track/sewer.prefab using Guid(74dc2f347046f9747abe2ef14c40e106) Importer(815301076,1909f56bfc062723c751e8b465ee728b)  -> (artifact id: 'fd9acbe118665c8ffd8f00a2549159a3') in 0.018426 seconds 
  Import took 0.021277 seconds .

========================================================================
Received Import Request.
  Time since last request: 3.801091 seconds.
  path: Assets/track/sewer.prefab
  artifactKey: Guid(74dc2f347046f9747abe2ef14c40e106) Importer(815301076,1909f56bfc062723c751e8b465ee728b)
Start importing Assets/track/sewer.prefab using Guid(74dc2f347046f9747abe2ef14c40e106) Importer(815301076,1909f56bfc062723c751e8b465ee728b)  -> (artifact id: 'd1bffdaab873e58b23380c72c8390ed7') in 0.013199 seconds 
  Import took 0.021105 seconds .

========================================================================
Received Import Request.
  Time since last request: 2.006889 seconds.
  path: Assets/track/sewer.prefab
  artifactKey: Guid(74dc2f347046f9747abe2ef14c40e106) Importer(815301076,1909f56bfc062723c751e8b465ee728b)
Start importing Assets/track/sewer.prefab using Guid(74dc2f347046f9747abe2ef14c40e106) Importer(815301076,1909f56bfc062723c751e8b465ee728b)  -> (artifact id: '8d75f43757b47c9cf0f4fd497eb3a2c5') in 0.023155 seconds 
  Import took 0.029726 seconds .

========================================================================
Received Import Request.
  Time since last request: 4.499897 seconds.
  path: Assets/track/sewer.prefab
  artifactKey: Guid(74dc2f347046f9747abe2ef14c40e106) Importer(815301076,1909f56bfc062723c751e8b465ee728b)
Start importing Assets/track/sewer.prefab using Guid(74dc2f347046f9747abe2ef14c40e106) Importer(815301076,1909f56bfc062723c751e8b465ee728b)  -> (artifact id: '3d1847f7a8b866b4dd25fb1c198abeed') in 0.024160 seconds 
  Import took 0.031684 seconds .

========================================================================
Received Import Request.
  Time since last request: 8.149784 seconds.
  path: Assets/track/sewer.prefab
  artifactKey: Guid(74dc2f347046f9747abe2ef14c40e106) Importer(815301076,1909f56bfc062723c751e8b465ee728b)
Start importing Assets/track/sewer.prefab using Guid(74dc2f347046f9747abe2ef14c40e106) Importer(815301076,1909f56bfc062723c751e8b465ee728b)  -> (artifact id: '730fd6fe264a1f801e5d27db880c8c56') in 0.014091 seconds 
  Import took 0.017065 seconds .

========================================================================
Received Import Request.
  Time since last request: 16.607454 seconds.
  path: Assets/track/sewer.prefab
  artifactKey: Guid(74dc2f347046f9747abe2ef14c40e106) Importer(815301076,1909f56bfc062723c751e8b465ee728b)
Start importing Assets/track/sewer.prefab using Guid(74dc2f347046f9747abe2ef14c40e106) Importer(815301076,1909f56bfc062723c751e8b465ee728b)  -> (artifact id: '541ee78c8e6394baaf3c3169c275e1e0') in 0.016495 seconds 
  Import took 0.021589 seconds .

========================================================================
Received Import Request.
  Time since last request: 5.422746 seconds.
  path: Assets/track/sewer.prefab
  artifactKey: Guid(74dc2f347046f9747abe2ef14c40e106) Importer(815301076,1909f56bfc062723c751e8b465ee728b)
Start importing Assets/track/sewer.prefab using Guid(74dc2f347046f9747abe2ef14c40e106) Importer(815301076,1909f56bfc062723c751e8b465ee728b)  -> (artifact id: '2f0b88b824f2efc0783a742eebc67255') in 0.017335 seconds 
  Import took 0.021167 seconds .

========================================================================
Received Import Request.
  Time since last request: 16.527866 seconds.
  path: Assets/track/sewer.prefab
  artifactKey: Guid(74dc2f347046f9747abe2ef14c40e106) Importer(815301076,1909f56bfc062723c751e8b465ee728b)
Start importing Assets/track/sewer.prefab using Guid(74dc2f347046f9747abe2ef14c40e106) Importer(815301076,1909f56bfc062723c751e8b465ee728b)  -> (artifact id: '291cd5d861ce1d502b89254adc6a7262') in 0.014972 seconds 
  Import took 0.019811 seconds .

========================================================================
Received Import Request.
  Time since last request: 4.410089 seconds.
  path: Assets/track/sewer.prefab
  artifactKey: Guid(74dc2f347046f9747abe2ef14c40e106) Importer(815301076,1909f56bfc062723c751e8b465ee728b)
Start importing Assets/track/sewer.prefab using Guid(74dc2f347046f9747abe2ef14c40e106) Importer(815301076,1909f56bfc062723c751e8b465ee728b)  -> (artifact id: '3cbfc05865e1e475f5aac1437f97fe35') in 0.016560 seconds 
  Import took 0.019261 seconds .

========================================================================
Received Import Request.
  Time since last request: 10.147253 seconds.
  path: Assets/track/sewer.prefab
  artifactKey: Guid(74dc2f347046f9747abe2ef14c40e106) Importer(815301076,1909f56bfc062723c751e8b465ee728b)
Start importing Assets/track/sewer.prefab using Guid(74dc2f347046f9747abe2ef14c40e106) Importer(815301076,1909f56bfc062723c751e8b465ee728b)  -> (artifact id: 'b3d29c92ee9474f21f6de15aaee7f62c') in 0.014202 seconds 
  Import took 0.017501 seconds .

========================================================================
Received Import Request.
  Time since last request: 9.824351 seconds.
  path: Assets/track/sewer.prefab
  artifactKey: Guid(74dc2f347046f9747abe2ef14c40e106) Importer(815301076,1909f56bfc062723c751e8b465ee728b)
Start importing Assets/track/sewer.prefab using Guid(74dc2f347046f9747abe2ef14c40e106) Importer(815301076,1909f56bfc062723c751e8b465ee728b)  -> (artifact id: '0baf62e6d2a4704f997df5d30a54b90d') in 0.017342 seconds 
  Import took 0.021094 seconds .

========================================================================
Received Import Request.
  Time since last request: 11.628414 seconds.
  path: Assets/track/sewer.prefab
  artifactKey: Guid(74dc2f347046f9747abe2ef14c40e106) Importer(815301076,1909f56bfc062723c751e8b465ee728b)
Start importing Assets/track/sewer.prefab using Guid(74dc2f347046f9747abe2ef14c40e106) Importer(815301076,1909f56bfc062723c751e8b465ee728b)  -> (artifact id: '1c57c7d56823f53e92260a66db79c322') in 0.014794 seconds 
  Import took 0.018131 seconds .

========================================================================
Received Import Request.
  Time since last request: 6.156252 seconds.
  path: Assets/track/sewer.prefab
  artifactKey: Guid(74dc2f347046f9747abe2ef14c40e106) Importer(815301076,1909f56bfc062723c751e8b465ee728b)
Start importing Assets/track/sewer.prefab using Guid(74dc2f347046f9747abe2ef14c40e106) Importer(815301076,1909f56bfc062723c751e8b465ee728b)  -> (artifact id: '0fd30df7c7d7fdeb843e0935929861cc') in 0.017813 seconds 
  Import took 0.023136 seconds .

========================================================================
Received Import Request.
  Time since last request: 14.189495 seconds.
  path: Assets/track/sewer.prefab
  artifactKey: Guid(74dc2f347046f9747abe2ef14c40e106) Importer(815301076,1909f56bfc062723c751e8b465ee728b)
Start importing Assets/track/sewer.prefab using Guid(74dc2f347046f9747abe2ef14c40e106) Importer(815301076,1909f56bfc062723c751e8b465ee728b)  -> (artifact id: '731dee51967b9cf9b1509628e74b154c') in 0.016808 seconds 
  Import took 0.019706 seconds .

========================================================================
Received Import Request.
  Time since last request: 4.263440 seconds.
  path: Assets/track/sewer.prefab
  artifactKey: Guid(74dc2f347046f9747abe2ef14c40e106) Importer(815301076,1909f56bfc062723c751e8b465ee728b)
Start importing Assets/track/sewer.prefab using Guid(74dc2f347046f9747abe2ef14c40e106) Importer(815301076,1909f56bfc062723c751e8b465ee728b)  -> (artifact id: 'ec4f80e9904dff3a665f2b6922826dbc') in 0.017755 seconds 
  Import took 0.020847 seconds .

========================================================================
Received Import Request.
  Time since last request: 1088.429732 seconds.
  path: Assets/track/sewer.prefab
  artifactKey: Guid(74dc2f347046f9747abe2ef14c40e106) Importer(815301076,1909f56bfc062723c751e8b465ee728b)
Start importing Assets/track/sewer.prefab using Guid(74dc2f347046f9747abe2ef14c40e106) Importer(815301076,1909f56bfc062723c751e8b465ee728b)  -> (artifact id: '480c95a3f01eee1d769af35a61ba47ae') in 0.034207 seconds 
  Import took 0.036979 seconds .

========================================================================
Received Import Request.
  Time since last request: 2.981709 seconds.
  path: Assets/track/sewer.prefab
  artifactKey: Guid(74dc2f347046f9747abe2ef14c40e106) Importer(815301076,1909f56bfc062723c751e8b465ee728b)
Start importing Assets/track/sewer.prefab using Guid(74dc2f347046f9747abe2ef14c40e106) Importer(815301076,1909f56bfc062723c751e8b465ee728b)  -> (artifact id: '2cfba7aa3ae4726c483f60669f58121b') in 0.023785 seconds 
  Import took 0.026893 seconds .

========================================================================
Received Import Request.
  Time since last request: 2.193884 seconds.
  path: Assets/track/sewer.prefab
  artifactKey: Guid(74dc2f347046f9747abe2ef14c40e106) Importer(815301076,1909f56bfc062723c751e8b465ee728b)
Start importing Assets/track/sewer.prefab using Guid(74dc2f347046f9747abe2ef14c40e106) Importer(815301076,1909f56bfc062723c751e8b465ee728b)  -> (artifact id: 'b70611186ac25a5ae14ff2a49858eeca') in 0.026456 seconds 
  Import took 0.031825 seconds .

========================================================================
Received Import Request.
  Time since last request: 6.443099 seconds.
  path: Assets/track/sewer.prefab
  artifactKey: Guid(74dc2f347046f9747abe2ef14c40e106) Importer(815301076,1909f56bfc062723c751e8b465ee728b)
Start importing Assets/track/sewer.prefab using Guid(74dc2f347046f9747abe2ef14c40e106) Importer(815301076,1909f56bfc062723c751e8b465ee728b)  -> (artifact id: 'b7c95fdec1e20fe19aff370ca0a18cea') in 0.020061 seconds 
  Import took 0.027245 seconds .

========================================================================
Received Import Request.
  Time since last request: 2.592212 seconds.
  path: Assets/track/sewer.prefab
  artifactKey: Guid(74dc2f347046f9747abe2ef14c40e106) Importer(815301076,1909f56bfc062723c751e8b465ee728b)
Start importing Assets/track/sewer.prefab using Guid(74dc2f347046f9747abe2ef14c40e106) Importer(815301076,1909f56bfc062723c751e8b465ee728b)  -> (artifact id: 'e5d495795ba4347a599c71a13ee1bef5') in 0.027961 seconds 
  Import took 0.032633 seconds .

========================================================================
Received Import Request.
  Time since last request: 92.458826 seconds.
  path: Assets/track/sewer.prefab
  artifactKey: Guid(74dc2f347046f9747abe2ef14c40e106) Importer(815301076,1909f56bfc062723c751e8b465ee728b)
Start importing Assets/track/sewer.prefab using Guid(74dc2f347046f9747abe2ef14c40e106) Importer(815301076,1909f56bfc062723c751e8b465ee728b)  -> (artifact id: '8b3fe8cd31a17e9586139ec1679239c4') in 0.022398 seconds 
  Import took 0.027774 seconds .

========================================================================
Received Import Request.
  Time since last request: 6.432075 seconds.
  path: Assets/track/sewer.prefab
  artifactKey: Guid(74dc2f347046f9747abe2ef14c40e106) Importer(815301076,1909f56bfc062723c751e8b465ee728b)
Start importing Assets/track/sewer.prefab using Guid(74dc2f347046f9747abe2ef14c40e106) Importer(815301076,1909f56bfc062723c751e8b465ee728b)  -> (artifact id: '103f1132fff6288ad8a557020e26dc77') in 0.025974 seconds 
  Import took 0.033007 seconds .

========================================================================
Received Import Request.
  Time since last request: 4.811867 seconds.
  path: Assets/track/sewer.prefab
  artifactKey: Guid(74dc2f347046f9747abe2ef14c40e106) Importer(815301076,1909f56bfc062723c751e8b465ee728b)
Start importing Assets/track/sewer.prefab using Guid(74dc2f347046f9747abe2ef14c40e106) Importer(815301076,1909f56bfc062723c751e8b465ee728b)  -> (artifact id: '25b9ae91b13281d505f8091d0c066074') in 0.020655 seconds 
  Import took 0.028473 seconds .

========================================================================
Received Import Request.
  Time since last request: 3.199904 seconds.
  path: Assets/track/sewer.prefab
  artifactKey: Guid(74dc2f347046f9747abe2ef14c40e106) Importer(815301076,1909f56bfc062723c751e8b465ee728b)
Start importing Assets/track/sewer.prefab using Guid(74dc2f347046f9747abe2ef14c40e106) Importer(815301076,1909f56bfc062723c751e8b465ee728b)  -> (artifact id: '5e9bf1296384bc12b45675ca34e93794') in 0.020386 seconds 
  Import took 0.023594 seconds .

========================================================================
Received Import Request.
  Time since last request: 7.038067 seconds.
  path: Assets/track/sewer.prefab
  artifactKey: Guid(74dc2f347046f9747abe2ef14c40e106) Importer(815301076,1909f56bfc062723c751e8b465ee728b)
Start importing Assets/track/sewer.prefab using Guid(74dc2f347046f9747abe2ef14c40e106) Importer(815301076,1909f56bfc062723c751e8b465ee728b)  -> (artifact id: '7d858697f7f3241866896469b4d88ecd') in 0.021719 seconds 
  Import took 0.024921 seconds .

========================================================================
Received Import Request.
  Time since last request: 1.792023 seconds.
  path: Assets/track/sewer.prefab
  artifactKey: Guid(74dc2f347046f9747abe2ef14c40e106) Importer(815301076,1909f56bfc062723c751e8b465ee728b)
Start importing Assets/track/sewer.prefab using Guid(74dc2f347046f9747abe2ef14c40e106) Importer(815301076,1909f56bfc062723c751e8b465ee728b)  -> (artifact id: '68c5bc1e1f3a4ea0ddeaf02172bac967') in 0.023901 seconds 
  Import took 0.031021 seconds .

========================================================================
Received Import Request.
  Time since last request: 4.613337 seconds.
  path: Assets/track/sewer.prefab
  artifactKey: Guid(74dc2f347046f9747abe2ef14c40e106) Importer(815301076,1909f56bfc062723c751e8b465ee728b)
Start importing Assets/track/sewer.prefab using Guid(74dc2f347046f9747abe2ef14c40e106) Importer(815301076,1909f56bfc062723c751e8b465ee728b)  -> (artifact id: 'bc5e0de224adb30846f03630abc63d37') in 0.023963 seconds 
  Import took 0.027942 seconds .

========================================================================
Received Import Request.
  Time since last request: 3.006312 seconds.
  path: Assets/track/sewer.prefab
  artifactKey: Guid(74dc2f347046f9747abe2ef14c40e106) Importer(815301076,1909f56bfc062723c751e8b465ee728b)
Start importing Assets/track/sewer.prefab using Guid(74dc2f347046f9747abe2ef14c40e106) Importer(815301076,1909f56bfc062723c751e8b465ee728b)  -> (artifact id: '74fedf369a160089f94f9e3b1a367b7c') in 0.020625 seconds 
  Import took 0.026057 seconds .

========================================================================
Received Import Request.
  Time since last request: 1.808329 seconds.
  path: Assets/track/sewer.prefab
  artifactKey: Guid(74dc2f347046f9747abe2ef14c40e106) Importer(815301076,1909f56bfc062723c751e8b465ee728b)
Start importing Assets/track/sewer.prefab using Guid(74dc2f347046f9747abe2ef14c40e106) Importer(815301076,1909f56bfc062723c751e8b465ee728b)  -> (artifact id: 'a3a520c0bc1602282a8f460485e69168') in 0.019027 seconds 
  Import took 0.024834 seconds .

========================================================================
Received Import Request.
  Time since last request: 1.786092 seconds.
  path: Assets/track/sewer.prefab
  artifactKey: Guid(74dc2f347046f9747abe2ef14c40e106) Importer(815301076,1909f56bfc062723c751e8b465ee728b)
Start importing Assets/track/sewer.prefab using Guid(74dc2f347046f9747abe2ef14c40e106) Importer(815301076,1909f56bfc062723c751e8b465ee728b)  -> (artifact id: '247352ecf39ab74e76fa672016eafb58') in 0.021876 seconds 
  Import took 0.024512 seconds .

========================================================================
Received Import Request.
  Time since last request: 3.402348 seconds.
  path: Assets/track/sewer.prefab
  artifactKey: Guid(74dc2f347046f9747abe2ef14c40e106) Importer(815301076,1909f56bfc062723c751e8b465ee728b)
Start importing Assets/track/sewer.prefab using Guid(74dc2f347046f9747abe2ef14c40e106) Importer(815301076,1909f56bfc062723c751e8b465ee728b)  -> (artifact id: '7a94be4a05cbc7cff05c32e98fe95a2f') in 0.027421 seconds 
  Import took 0.031883 seconds .

========================================================================
Received Import Request.
  Time since last request: 1.377801 seconds.
  path: Assets/track/sewer.prefab
  artifactKey: Guid(74dc2f347046f9747abe2ef14c40e106) Importer(815301076,1909f56bfc062723c751e8b465ee728b)
Start importing Assets/track/sewer.prefab using Guid(74dc2f347046f9747abe2ef14c40e106) Importer(815301076,1909f56bfc062723c751e8b465ee728b)  -> (artifact id: '1a5c201a60d3d6169e404be7fa44ffa2') in 0.021950 seconds 
  Import took 0.025033 seconds .

========================================================================
Received Import Request.
  Time since last request: 1.999299 seconds.
  path: Assets/track/sewer.prefab
  artifactKey: Guid(74dc2f347046f9747abe2ef14c40e106) Importer(815301076,1909f56bfc062723c751e8b465ee728b)
Start importing Assets/track/sewer.prefab using Guid(74dc2f347046f9747abe2ef14c40e106) Importer(815301076,1909f56bfc062723c751e8b465ee728b)  -> (artifact id: '92327127a731532f07e0538ed54037eb') in 0.025035 seconds 
  Import took 0.031778 seconds .

========================================================================
Received Import Request.
  Time since last request: 8.589791 seconds.
  path: Assets/track/sewer.prefab
  artifactKey: Guid(74dc2f347046f9747abe2ef14c40e106) Importer(815301076,1909f56bfc062723c751e8b465ee728b)
Start importing Assets/track/sewer.prefab using Guid(74dc2f347046f9747abe2ef14c40e106) Importer(815301076,1909f56bfc062723c751e8b465ee728b)  -> (artifact id: '9b0a4e171479278897801fb77f9476ff') in 0.018983 seconds 
  Import took 0.024684 seconds .

========================================================================
Received Import Request.
  Time since last request: 3.424214 seconds.
  path: Assets/track/sewer.prefab
  artifactKey: Guid(74dc2f347046f9747abe2ef14c40e106) Importer(815301076,1909f56bfc062723c751e8b465ee728b)
Start importing Assets/track/sewer.prefab using Guid(74dc2f347046f9747abe2ef14c40e106) Importer(815301076,1909f56bfc062723c751e8b465ee728b)  -> (artifact id: 'f8eab28e576b7dc96f508d9deb203c8e') in 0.019448 seconds 
  Import took 0.024262 seconds .

========================================================================
Received Import Request.
  Time since last request: 9.007456 seconds.
  path: Assets/track/sewer.prefab
  artifactKey: Guid(74dc2f347046f9747abe2ef14c40e106) Importer(815301076,1909f56bfc062723c751e8b465ee728b)
Start importing Assets/track/sewer.prefab using Guid(74dc2f347046f9747abe2ef14c40e106) Importer(815301076,1909f56bfc062723c751e8b465ee728b)  -> (artifact id: '17473509bd9512bbec393ee058dfdbbb') in 0.018135 seconds 
  Import took 0.020962 seconds .

========================================================================
Received Import Request.
  Time since last request: 5.446751 seconds.
  path: Assets/track/sewer.prefab
  artifactKey: Guid(74dc2f347046f9747abe2ef14c40e106) Importer(815301076,1909f56bfc062723c751e8b465ee728b)
Start importing Assets/track/sewer.prefab using Guid(74dc2f347046f9747abe2ef14c40e106) Importer(815301076,1909f56bfc062723c751e8b465ee728b)  -> (artifact id: '9aff7b38fa4fcde2d8f6196aa12b6494') in 0.027541 seconds 
  Import took 0.030271 seconds .

========================================================================
Received Import Request.
  Time since last request: 1.585723 seconds.
  path: Assets/track/sewer.prefab
  artifactKey: Guid(74dc2f347046f9747abe2ef14c40e106) Importer(815301076,1909f56bfc062723c751e8b465ee728b)
Start importing Assets/track/sewer.prefab using Guid(74dc2f347046f9747abe2ef14c40e106) Importer(815301076,1909f56bfc062723c751e8b465ee728b)  -> (artifact id: 'af2581c5508f87fbbb996129cc4f03f2') in 0.026661 seconds 
  Import took 0.032074 seconds .

========================================================================
Received Import Request.
  Time since last request: 6.425508 seconds.
  path: Assets/track/sewer.prefab
  artifactKey: Guid(74dc2f347046f9747abe2ef14c40e106) Importer(815301076,1909f56bfc062723c751e8b465ee728b)
Start importing Assets/track/sewer.prefab using Guid(74dc2f347046f9747abe2ef14c40e106) Importer(815301076,1909f56bfc062723c751e8b465ee728b)  -> (artifact id: '3da8bd021e660b229f453fd908f884ef') in 0.021900 seconds 
  Import took 0.028674 seconds .

========================================================================
Received Import Request.
  Time since last request: 3.602864 seconds.
  path: Assets/track/sewer.prefab
  artifactKey: Guid(74dc2f347046f9747abe2ef14c40e106) Importer(815301076,1909f56bfc062723c751e8b465ee728b)
Start importing Assets/track/sewer.prefab using Guid(74dc2f347046f9747abe2ef14c40e106) Importer(815301076,1909f56bfc062723c751e8b465ee728b)  -> (artifact id: 'b85e61fc021a4a67a39c35bb7594a0f1') in 0.022409 seconds 
  Import took 0.032731 seconds .

========================================================================
Received Import Request.
  Time since last request: 1.824169 seconds.
  path: Assets/track/sewer.prefab
  artifactKey: Guid(74dc2f347046f9747abe2ef14c40e106) Importer(815301076,1909f56bfc062723c751e8b465ee728b)
Start importing Assets/track/sewer.prefab using Guid(74dc2f347046f9747abe2ef14c40e106) Importer(815301076,1909f56bfc062723c751e8b465ee728b)  -> (artifact id: 'd19a9e4720b9da65ad7472d083b2412d') in 0.029755 seconds 
  Import took 0.032939 seconds .

========================================================================
Received Import Request.
  Time since last request: 2.588746 seconds.
  path: Assets/track/sewer.prefab
  artifactKey: Guid(74dc2f347046f9747abe2ef14c40e106) Importer(815301076,1909f56bfc062723c751e8b465ee728b)
Start importing Assets/track/sewer.prefab using Guid(74dc2f347046f9747abe2ef14c40e106) Importer(815301076,1909f56bfc062723c751e8b465ee728b)  -> (artifact id: '356c590bbf436faba6d9bff41255852c') in 0.020040 seconds 
  Import took 0.026232 seconds .

========================================================================
Received Import Request.
  Time since last request: 3.799302 seconds.
  path: Assets/track/sewer.prefab
  artifactKey: Guid(74dc2f347046f9747abe2ef14c40e106) Importer(815301076,1909f56bfc062723c751e8b465ee728b)
Start importing Assets/track/sewer.prefab using Guid(74dc2f347046f9747abe2ef14c40e106) Importer(815301076,1909f56bfc062723c751e8b465ee728b)  -> (artifact id: '19688ecc8f233c7c17c9c5bfebb42208') in 0.025652 seconds 
  Import took 0.029364 seconds .

========================================================================
Received Import Request.
  Time since last request: 9.245910 seconds.
  path: Assets/track/sewer.prefab
  artifactKey: Guid(74dc2f347046f9747abe2ef14c40e106) Importer(815301076,1909f56bfc062723c751e8b465ee728b)
Start importing Assets/track/sewer.prefab using Guid(74dc2f347046f9747abe2ef14c40e106) Importer(815301076,1909f56bfc062723c751e8b465ee728b)  -> (artifact id: '58c3a91b9f02e2f476658c40e284cdfd') in 0.018524 seconds 
  Import took 0.023188 seconds .

========================================================================
Received Import Request.
  Time since last request: 2.999065 seconds.
  path: Assets/track/sewer.prefab
  artifactKey: Guid(74dc2f347046f9747abe2ef14c40e106) Importer(815301076,1909f56bfc062723c751e8b465ee728b)
Start importing Assets/track/sewer.prefab using Guid(74dc2f347046f9747abe2ef14c40e106) Importer(815301076,1909f56bfc062723c751e8b465ee728b)  -> (artifact id: '2c04b3a4d2c47cf9fafd66978c0e8ef2') in 0.032602 seconds 
  Import took 0.039233 seconds .

========================================================================
Received Import Request.
  Time since last request: 2.801404 seconds.
  path: Assets/track/sewer.prefab
  artifactKey: Guid(74dc2f347046f9747abe2ef14c40e106) Importer(815301076,1909f56bfc062723c751e8b465ee728b)
Start importing Assets/track/sewer.prefab using Guid(74dc2f347046f9747abe2ef14c40e106) Importer(815301076,1909f56bfc062723c751e8b465ee728b)  -> (artifact id: 'd7d4ebd16b559d2eaaf5b4f49152111a') in 0.023177 seconds 
  Import took 0.028265 seconds .

========================================================================
Received Import Request.
  Time since last request: 4.960351 seconds.
  path: Assets/track/sewer.prefab
  artifactKey: Guid(74dc2f347046f9747abe2ef14c40e106) Importer(815301076,1909f56bfc062723c751e8b465ee728b)
Start importing Assets/track/sewer.prefab using Guid(74dc2f347046f9747abe2ef14c40e106) Importer(815301076,1909f56bfc062723c751e8b465ee728b)  -> (artifact id: '09ee74b3a1c39964f8027ae4b0c71baf') in 0.020203 seconds 
  Import took 0.027663 seconds .

========================================================================
Received Import Request.
  Time since last request: 9.426673 seconds.
  path: Assets/track/sewer.prefab
  artifactKey: Guid(74dc2f347046f9747abe2ef14c40e106) Importer(815301076,1909f56bfc062723c751e8b465ee728b)
Start importing Assets/track/sewer.prefab using Guid(74dc2f347046f9747abe2ef14c40e106) Importer(815301076,1909f56bfc062723c751e8b465ee728b)  -> (artifact id: '7de83e527a5f28a6f0252f0ac7c11fa0') in 0.019852 seconds 
  Import took 0.025159 seconds .

========================================================================
Received Import Request.
  Time since last request: 2.191770 seconds.
  path: Assets/track/sewer.prefab
  artifactKey: Guid(74dc2f347046f9747abe2ef14c40e106) Importer(815301076,1909f56bfc062723c751e8b465ee728b)
Start importing Assets/track/sewer.prefab using Guid(74dc2f347046f9747abe2ef14c40e106) Importer(815301076,1909f56bfc062723c751e8b465ee728b)  -> (artifact id: 'bd89cad83e31693cd06996d786f5f00b') in 0.023191 seconds 
  Import took 0.028792 seconds .

========================================================================
Received Import Request.
  Time since last request: 1.589312 seconds.
  path: Assets/track/sewer.prefab
  artifactKey: Guid(74dc2f347046f9747abe2ef14c40e106) Importer(815301076,1909f56bfc062723c751e8b465ee728b)
Start importing Assets/track/sewer.prefab using Guid(74dc2f347046f9747abe2ef14c40e106) Importer(815301076,1909f56bfc062723c751e8b465ee728b)  -> (artifact id: '9694195a1848590efcaa99e3fcab5c70') in 0.019432 seconds 
  Import took 0.022272 seconds .

========================================================================
Received Import Request.
  Time since last request: 4.806576 seconds.
  path: Assets/track/sewer.prefab
  artifactKey: Guid(74dc2f347046f9747abe2ef14c40e106) Importer(815301076,1909f56bfc062723c751e8b465ee728b)
Start importing Assets/track/sewer.prefab using Guid(74dc2f347046f9747abe2ef14c40e106) Importer(815301076,1909f56bfc062723c751e8b465ee728b)  -> (artifact id: '798dbb3d9a2de6a7a31297583fc25e91') in 0.022690 seconds 
  Import took 0.025797 seconds .

========================================================================
Received Import Request.
  Time since last request: 2.597578 seconds.
  path: Assets/track/sewer.prefab
  artifactKey: Guid(74dc2f347046f9747abe2ef14c40e106) Importer(815301076,1909f56bfc062723c751e8b465ee728b)
Start importing Assets/track/sewer.prefab using Guid(74dc2f347046f9747abe2ef14c40e106) Importer(815301076,1909f56bfc062723c751e8b465ee728b)  -> (artifact id: '5463d50c58f14851b5230b7a83cf3016') in 0.027931 seconds 
  Import took 0.031415 seconds .

========================================================================
Received Import Request.
  Time since last request: 4.823059 seconds.
  path: Assets/track/sewer.prefab
  artifactKey: Guid(74dc2f347046f9747abe2ef14c40e106) Importer(815301076,1909f56bfc062723c751e8b465ee728b)
Start importing Assets/track/sewer.prefab using Guid(74dc2f347046f9747abe2ef14c40e106) Importer(815301076,1909f56bfc062723c751e8b465ee728b)  -> (artifact id: 'd443a016c2306210dca639b0f1475666') in 0.009236 seconds 
  Import took 0.013015 seconds .

========================================================================
Received Import Request.
  Time since last request: 2.209252 seconds.
  path: Assets/track/sewer.prefab
  artifactKey: Guid(74dc2f347046f9747abe2ef14c40e106) Importer(815301076,1909f56bfc062723c751e8b465ee728b)
Start importing Assets/track/sewer.prefab using Guid(74dc2f347046f9747abe2ef14c40e106) Importer(815301076,1909f56bfc062723c751e8b465ee728b)  -> (artifact id: '02fdcdd3d6a24384bde80dd9c3f9128d') in 0.013747 seconds 
  Import took 0.018543 seconds .

========================================================================
Received Import Request.
  Time since last request: 7.564992 seconds.
  path: Assets/track/sewer.prefab
  artifactKey: Guid(74dc2f347046f9747abe2ef14c40e106) Importer(815301076,1909f56bfc062723c751e8b465ee728b)
Start importing Assets/track/sewer.prefab using Guid(74dc2f347046f9747abe2ef14c40e106) Importer(815301076,1909f56bfc062723c751e8b465ee728b)  -> (artifact id: 'd482713a3a51ddbf2eba36a8fdd9cc6a') in 0.017811 seconds 
  Import took 0.022952 seconds .

========================================================================
Received Import Request.
  Time since last request: 7.067344 seconds.
  path: Assets/track/sewer.prefab
  artifactKey: Guid(74dc2f347046f9747abe2ef14c40e106) Importer(815301076,1909f56bfc062723c751e8b465ee728b)
Start importing Assets/track/sewer.prefab using Guid(74dc2f347046f9747abe2ef14c40e106) Importer(815301076,1909f56bfc062723c751e8b465ee728b)  -> (artifact id: '153b1c79e438540c06d2d13735553381') in 0.017182 seconds 
  Import took 0.020464 seconds .

========================================================================
Received Import Request.
  Time since last request: 4.844836 seconds.
  path: Assets/track/sewer.prefab
  artifactKey: Guid(74dc2f347046f9747abe2ef14c40e106) Importer(815301076,1909f56bfc062723c751e8b465ee728b)
Start importing Assets/track/sewer.prefab using Guid(74dc2f347046f9747abe2ef14c40e106) Importer(815301076,1909f56bfc062723c751e8b465ee728b)  -> (artifact id: 'c1c57225306ae3711a880f698d7e6e6c') in 0.018863 seconds 
  Import took 0.023665 seconds .

========================================================================
Received Import Request.
  Time since last request: 5.059107 seconds.
  path: Assets/track/sewer.prefab
  artifactKey: Guid(74dc2f347046f9747abe2ef14c40e106) Importer(815301076,1909f56bfc062723c751e8b465ee728b)
Start importing Assets/track/sewer.prefab using Guid(74dc2f347046f9747abe2ef14c40e106) Importer(815301076,1909f56bfc062723c751e8b465ee728b)  -> (artifact id: '762aa6721e1bd8a337dbb224caac240f') in 0.030857 seconds 
  Import took 0.036323 seconds .

========================================================================
Received Import Request.
  Time since last request: 0.944458 seconds.
  path: Assets/track/sewer.prefab
  artifactKey: Guid(74dc2f347046f9747abe2ef14c40e106) Importer(815301076,1909f56bfc062723c751e8b465ee728b)
Start importing Assets/track/sewer.prefab using Guid(74dc2f347046f9747abe2ef14c40e106) Importer(815301076,1909f56bfc062723c751e8b465ee728b)  -> (artifact id: 'aeebb5c6375e08c313535613e9a1f64b') in 0.019010 seconds 
  Import took 0.021919 seconds .

========================================================================
Received Import Request.
  Time since last request: 8.649794 seconds.
  path: Assets/track/sewer.prefab
  artifactKey: Guid(74dc2f347046f9747abe2ef14c40e106) Importer(815301076,1909f56bfc062723c751e8b465ee728b)
Start importing Assets/track/sewer.prefab using Guid(74dc2f347046f9747abe2ef14c40e106) Importer(815301076,1909f56bfc062723c751e8b465ee728b)  -> (artifact id: 'b6bfcb55b00d73c9b1abf68a1607ca47') in 0.022026 seconds 
  Import took 0.025057 seconds .

========================================================================
Received Import Request.
  Time since last request: 11.849570 seconds.
  path: Assets/track/sewer.prefab
  artifactKey: Guid(74dc2f347046f9747abe2ef14c40e106) Importer(815301076,1909f56bfc062723c751e8b465ee728b)
Start importing Assets/track/sewer.prefab using Guid(74dc2f347046f9747abe2ef14c40e106) Importer(815301076,1909f56bfc062723c751e8b465ee728b)  -> (artifact id: 'a37e526d6c0c6e99553e9e4214b5bc2c') in 0.020695 seconds 
  Import took 0.024146 seconds .

========================================================================
Received Import Request.
  Time since last request: 3.829254 seconds.
  path: Assets/track/sewer.prefab
  artifactKey: Guid(74dc2f347046f9747abe2ef14c40e106) Importer(815301076,1909f56bfc062723c751e8b465ee728b)
Start importing Assets/track/sewer.prefab using Guid(74dc2f347046f9747abe2ef14c40e106) Importer(815301076,1909f56bfc062723c751e8b465ee728b)  -> (artifact id: '1554ad6ecd9dd74fe7e234f2f03b5bcd') in 0.022216 seconds 
  Import took 0.024901 seconds .

========================================================================
Received Import Request.
  Time since last request: 4.430177 seconds.
  path: Assets/track/sewer.prefab
  artifactKey: Guid(74dc2f347046f9747abe2ef14c40e106) Importer(815301076,1909f56bfc062723c751e8b465ee728b)
Start importing Assets/track/sewer.prefab using Guid(74dc2f347046f9747abe2ef14c40e106) Importer(815301076,1909f56bfc062723c751e8b465ee728b)  -> (artifact id: '44cdecf9afb84b8d55239563e6d0b0b2') in 0.019474 seconds 
  Import took 0.023857 seconds .

========================================================================
Received Import Request.
  Time since last request: 1.663296 seconds.
  path: Assets/track/sewer.prefab
  artifactKey: Guid(74dc2f347046f9747abe2ef14c40e106) Importer(815301076,1909f56bfc062723c751e8b465ee728b)
Start importing Assets/track/sewer.prefab using Guid(74dc2f347046f9747abe2ef14c40e106) Importer(815301076,1909f56bfc062723c751e8b465ee728b)  -> (artifact id: 'a631eb17a5e4278c8c2fb73c44606b54') in 0.015611 seconds 
  Import took 0.018070 seconds .

========================================================================
Received Import Request.
  Time since last request: 3.194045 seconds.
  path: Assets/track/sewer.prefab
  artifactKey: Guid(74dc2f347046f9747abe2ef14c40e106) Importer(815301076,1909f56bfc062723c751e8b465ee728b)
Start importing Assets/track/sewer.prefab using Guid(74dc2f347046f9747abe2ef14c40e106) Importer(815301076,1909f56bfc062723c751e8b465ee728b)  -> (artifact id: 'eaf2dd7cb5ca2b787997a79112d04e0d') in 0.019238 seconds 
  Import took 0.022587 seconds .

========================================================================
Received Import Request.
  Time since last request: 6.064936 seconds.
  path: Assets/track/sewer.prefab
  artifactKey: Guid(74dc2f347046f9747abe2ef14c40e106) Importer(815301076,1909f56bfc062723c751e8b465ee728b)
Start importing Assets/track/sewer.prefab using Guid(74dc2f347046f9747abe2ef14c40e106) Importer(815301076,1909f56bfc062723c751e8b465ee728b)  -> (artifact id: '9c14eea84b359d9add0048c317423fa6') in 0.024488 seconds 
  Import took 0.027636 seconds .

========================================================================
Received Import Request.
  Time since last request: 4.814024 seconds.
  path: Assets/track/sewer.prefab
  artifactKey: Guid(74dc2f347046f9747abe2ef14c40e106) Importer(815301076,1909f56bfc062723c751e8b465ee728b)
Start importing Assets/track/sewer.prefab using Guid(74dc2f347046f9747abe2ef14c40e106) Importer(815301076,1909f56bfc062723c751e8b465ee728b)  -> (artifact id: 'e4607a3d6522e22ded2c991015990cc4') in 0.026709 seconds 
  Import took 0.030973 seconds .

========================================================================
Received Import Request.
  Time since last request: 0.785444 seconds.
  path: Assets/track/sewer.prefab
  artifactKey: Guid(74dc2f347046f9747abe2ef14c40e106) Importer(815301076,1909f56bfc062723c751e8b465ee728b)
Start importing Assets/track/sewer.prefab using Guid(74dc2f347046f9747abe2ef14c40e106) Importer(815301076,1909f56bfc062723c751e8b465ee728b)  -> (artifact id: '1c089537a2470a6b019bea8793deafdc') in 0.021457 seconds 
  Import took 0.025983 seconds .

========================================================================
Received Import Request.
  Time since last request: 4.011824 seconds.
  path: Assets/track/sewer.prefab
  artifactKey: Guid(74dc2f347046f9747abe2ef14c40e106) Importer(815301076,1909f56bfc062723c751e8b465ee728b)
Start importing Assets/track/sewer.prefab using Guid(74dc2f347046f9747abe2ef14c40e106) Importer(815301076,1909f56bfc062723c751e8b465ee728b)  -> (artifact id: 'be5265fb867a8b36e2a930a809e8fac1') in 0.019405 seconds 
  Import took 0.026992 seconds .

========================================================================
Received Import Request.
  Time since last request: 0.368387 seconds.
  path: Assets/track/sewer.prefab
  artifactKey: Guid(74dc2f347046f9747abe2ef14c40e106) Importer(815301076,1909f56bfc062723c751e8b465ee728b)
Start importing Assets/track/sewer.prefab using Guid(74dc2f347046f9747abe2ef14c40e106) Importer(815301076,1909f56bfc062723c751e8b465ee728b)  -> (artifact id: '827dc6a7a273135e5e46a55b6c7ff4bf') in 0.024578 seconds 
  Import took 0.030404 seconds .

========================================================================
Received Import Request.
  Time since last request: 4.217257 seconds.
  path: Assets/track/sewer.prefab
  artifactKey: Guid(74dc2f347046f9747abe2ef14c40e106) Importer(815301076,1909f56bfc062723c751e8b465ee728b)
Start importing Assets/track/sewer.prefab using Guid(74dc2f347046f9747abe2ef14c40e106) Importer(815301076,1909f56bfc062723c751e8b465ee728b)  -> (artifact id: '6fd478bad86f39da2e8e73ef08b40a73') in 0.020063 seconds 
  Import took 0.022751 seconds .

========================================================================
Received Import Request.
  Time since last request: 164.059052 seconds.
  path: Assets/track/sewer.prefab
  artifactKey: Guid(74dc2f347046f9747abe2ef14c40e106) Importer(815301076,1909f56bfc062723c751e8b465ee728b)
Start importing Assets/track/sewer.prefab using Guid(74dc2f347046f9747abe2ef14c40e106) Importer(815301076,1909f56bfc062723c751e8b465ee728b)  -> (artifact id: '3dacbfc7622d954e1866130ac46776e0') in 0.017852 seconds 
  Import took 0.020480 seconds .

========================================================================
Received Import Request.
  Time since last request: 4.928601 seconds.
  path: Assets/track/sewer.prefab
  artifactKey: Guid(74dc2f347046f9747abe2ef14c40e106) Importer(815301076,1909f56bfc062723c751e8b465ee728b)
Start importing Assets/track/sewer.prefab using Guid(74dc2f347046f9747abe2ef14c40e106) Importer(815301076,1909f56bfc062723c751e8b465ee728b)  -> (artifact id: 'e8e80676aaae3e455a81f182f33a3ea1') in 0.025619 seconds 
  Import took 0.030297 seconds .

========================================================================
Received Import Request.
  Time since last request: 5.618218 seconds.
  path: Assets/track/sewer.prefab
  artifactKey: Guid(74dc2f347046f9747abe2ef14c40e106) Importer(815301076,1909f56bfc062723c751e8b465ee728b)
Start importing Assets/track/sewer.prefab using Guid(74dc2f347046f9747abe2ef14c40e106) Importer(815301076,1909f56bfc062723c751e8b465ee728b)  -> (artifact id: 'aabe4c4db5d37a16e20c0cdfb081e18e') in 0.020746 seconds 
  Import took 0.026120 seconds .

========================================================================
Received Import Request.
  Time since last request: 3.202054 seconds.
  path: Assets/track/sewer.prefab
  artifactKey: Guid(74dc2f347046f9747abe2ef14c40e106) Importer(815301076,1909f56bfc062723c751e8b465ee728b)
Start importing Assets/track/sewer.prefab using Guid(74dc2f347046f9747abe2ef14c40e106) Importer(815301076,1909f56bfc062723c751e8b465ee728b)  -> (artifact id: '9a995e4a40fbffa0c1be6e7a0d1fe0e2') in 0.023222 seconds 
  Import took 0.027449 seconds .

========================================================================
Received Import Request.
  Time since last request: 6.325673 seconds.
  path: Assets/track/sewer.prefab
  artifactKey: Guid(74dc2f347046f9747abe2ef14c40e106) Importer(815301076,1909f56bfc062723c751e8b465ee728b)
Start importing Assets/track/sewer.prefab using Guid(74dc2f347046f9747abe2ef14c40e106) Importer(815301076,1909f56bfc062723c751e8b465ee728b)  -> (artifact id: 'a38addc900d2140c052b36bc39ee1dff') in 0.016902 seconds 
  Import took 0.023598 seconds .

========================================================================
Received Import Request.
  Time since last request: 4.453499 seconds.
  path: Assets/track/sewer.prefab
  artifactKey: Guid(74dc2f347046f9747abe2ef14c40e106) Importer(815301076,1909f56bfc062723c751e8b465ee728b)
Start importing Assets/track/sewer.prefab using Guid(74dc2f347046f9747abe2ef14c40e106) Importer(815301076,1909f56bfc062723c751e8b465ee728b)  -> (artifact id: 'fd4fb94682a2372d26b5dacb1452f2c5') in 0.025995 seconds 
  Import took 0.030526 seconds .

========================================================================
Received Import Request.
  Time since last request: 3.187010 seconds.
  path: Assets/track/sewer.prefab
  artifactKey: Guid(74dc2f347046f9747abe2ef14c40e106) Importer(815301076,1909f56bfc062723c751e8b465ee728b)
Start importing Assets/track/sewer.prefab using Guid(74dc2f347046f9747abe2ef14c40e106) Importer(815301076,1909f56bfc062723c751e8b465ee728b)  -> (artifact id: '57f2d91a64593ea6d0cabcca3e0d4f4a') in 0.023768 seconds 
  Import took 0.027525 seconds .

========================================================================
Received Import Request.
  Time since last request: 7.874337 seconds.
  path: Assets/track/sewer.prefab
  artifactKey: Guid(74dc2f347046f9747abe2ef14c40e106) Importer(815301076,1909f56bfc062723c751e8b465ee728b)
Start importing Assets/track/sewer.prefab using Guid(74dc2f347046f9747abe2ef14c40e106) Importer(815301076,1909f56bfc062723c751e8b465ee728b)  -> (artifact id: '7ed6895ad5fdabee51e3d003e06f5715') in 0.026064 seconds 
  Import took 0.030936 seconds .

========================================================================
Received Import Request.
  Time since last request: 3.821646 seconds.
  path: Assets/track/sewer.prefab
  artifactKey: Guid(74dc2f347046f9747abe2ef14c40e106) Importer(815301076,1909f56bfc062723c751e8b465ee728b)
Start importing Assets/track/sewer.prefab using Guid(74dc2f347046f9747abe2ef14c40e106) Importer(815301076,1909f56bfc062723c751e8b465ee728b)  -> (artifact id: 'd97ee84d19a67d6b305dc3650cfb1bfe') in 0.025941 seconds 
  Import took 0.034307 seconds .

========================================================================
Received Import Request.
  Time since last request: 3.200439 seconds.
  path: Assets/track/sewer.prefab
  artifactKey: Guid(74dc2f347046f9747abe2ef14c40e106) Importer(815301076,1909f56bfc062723c751e8b465ee728b)
Start importing Assets/track/sewer.prefab using Guid(74dc2f347046f9747abe2ef14c40e106) Importer(815301076,1909f56bfc062723c751e8b465ee728b)  -> (artifact id: '16cf44b689b980adfd9f9587eeca9089') in 0.022778 seconds 
  Import took 0.027579 seconds .

========================================================================
Received Import Request.
  Time since last request: 20.203986 seconds.
  path: Assets/track/sewer.prefab
  artifactKey: Guid(74dc2f347046f9747abe2ef14c40e106) Importer(815301076,1909f56bfc062723c751e8b465ee728b)
Start importing Assets/track/sewer.prefab using Guid(74dc2f347046f9747abe2ef14c40e106) Importer(815301076,1909f56bfc062723c751e8b465ee728b)  -> (artifact id: '504aae2205b3545cb7ef8fe68e13621a') in 0.020155 seconds 
  Import took 0.030156 seconds .

========================================================================
Received Import Request.
  Time since last request: 50.721101 seconds.
  path: Assets/track/sewer 2.prefab
  artifactKey: Guid(1daabea554202ed4a96638a1b038b4ef) Importer(815301076,1909f56bfc062723c751e8b465ee728b)
Start importing Assets/track/sewer 2.prefab using Guid(1daabea554202ed4a96638a1b038b4ef) Importer(815301076,1909f56bfc062723c751e8b465ee728b)  -> (artifact id: '4b8401f032b812ffc21f6a863c1bef71') in 0.010524 seconds 
  Import took 0.013730 seconds .

========================================================================
Received Import Request.
  Time since last request: 0.001667 seconds.
  path: Assets/track/sewer 2.prefab
  artifactKey: Guid(1daabea554202ed4a96638a1b038b4ef) Importer(815301076,1909f56bfc062723c751e8b465ee728b)
Start importing Assets/track/sewer 2.prefab using Guid(1daabea554202ed4a96638a1b038b4ef) Importer(815301076,1909f56bfc062723c751e8b465ee728b)  -> (artifact id: '4b8401f032b812ffc21f6a863c1bef71') in 0.011669 seconds 
  Import took 0.014564 seconds .

========================================================================
Received Import Request.
  Time since last request: 5.477700 seconds.
  path: Assets/track/sewer 2.prefab
  artifactKey: Guid(1daabea554202ed4a96638a1b038b4ef) Importer(815301076,1909f56bfc062723c751e8b465ee728b)
Start importing Assets/track/sewer 2.prefab using Guid(1daabea554202ed4a96638a1b038b4ef) Importer(815301076,1909f56bfc062723c751e8b465ee728b)  -> (artifact id: '68a7dfe48d98fe3e8ea2fa8f2a07e581') in 0.023478 seconds 
  Import took 0.027560 seconds .

========================================================================
Received Import Request.
  Time since last request: 7.698710 seconds.
  path: Assets/track/sewer 2.prefab
  artifactKey: Guid(1daabea554202ed4a96638a1b038b4ef) Importer(815301076,1909f56bfc062723c751e8b465ee728b)
Start importing Assets/track/sewer 2.prefab using Guid(1daabea554202ed4a96638a1b038b4ef) Importer(815301076,1909f56bfc062723c751e8b465ee728b)  -> (artifact id: '3d1b7b4405059aa4c522205708db147a') in 0.020028 seconds 
  Import took 0.022694 seconds .

========================================================================
Received Import Request.
  Time since last request: 1.588882 seconds.
  path: Assets/track/sewer 2.prefab
  artifactKey: Guid(1daabea554202ed4a96638a1b038b4ef) Importer(815301076,1909f56bfc062723c751e8b465ee728b)
Start importing Assets/track/sewer 2.prefab using Guid(1daabea554202ed4a96638a1b038b4ef) Importer(815301076,1909f56bfc062723c751e8b465ee728b)  -> (artifact id: 'e13aff4d7c945140cdd326673bf317c4') in 0.026442 seconds 
  Import took 0.030032 seconds .

========================================================================
Received Import Request.
  Time since last request: 1.590137 seconds.
  path: Assets/track/sewer 2.prefab
  artifactKey: Guid(1daabea554202ed4a96638a1b038b4ef) Importer(815301076,1909f56bfc062723c751e8b465ee728b)
Start importing Assets/track/sewer 2.prefab using Guid(1daabea554202ed4a96638a1b038b4ef) Importer(815301076,1909f56bfc062723c751e8b465ee728b)  -> (artifact id: '4a9cfdb0e42e719307f37fc6108afc6a') in 0.024090 seconds 
  Import took 0.027341 seconds .

========================================================================
Received Import Request.
  Time since last request: 1.376796 seconds.
  path: Assets/track/sewer 2.prefab
  artifactKey: Guid(1daabea554202ed4a96638a1b038b4ef) Importer(815301076,1909f56bfc062723c751e8b465ee728b)
Start importing Assets/track/sewer 2.prefab using Guid(1daabea554202ed4a96638a1b038b4ef) Importer(815301076,1909f56bfc062723c751e8b465ee728b)  -> (artifact id: 'a1191e18bf058f351e527c92dc453c37') in 0.018597 seconds 
  Import took 0.021635 seconds .

========================================================================
Received Import Request.
  Time since last request: 0.008660 seconds.
  path: Assets/track/sewer 2.prefab
  artifactKey: Guid(1daabea554202ed4a96638a1b038b4ef) Importer(815301076,1909f56bfc062723c751e8b465ee728b)
Start importing Assets/track/sewer 2.prefab using Guid(1daabea554202ed4a96638a1b038b4ef) Importer(815301076,1909f56bfc062723c751e8b465ee728b)  -> (artifact id: 'a1191e18bf058f351e527c92dc453c37') in 0.011580 seconds 
  Import took 0.017668 seconds .

========================================================================
Received Import Request.
  Time since last request: 15.065847 seconds.
  path: Assets/track/sewer 2.prefab
  artifactKey: Guid(1daabea554202ed4a96638a1b038b4ef) Importer(815301076,1909f56bfc062723c751e8b465ee728b)
Start importing Assets/track/sewer 2.prefab using Guid(1daabea554202ed4a96638a1b038b4ef) Importer(815301076,1909f56bfc062723c751e8b465ee728b)  -> (artifact id: '3820ce85f57bef6f18c5a16707000e44') in 0.015138 seconds 
  Import took 0.018041 seconds .

========================================================================
Received Import Request.
  Time since last request: 2.479565 seconds.
  path: Assets/track/sewer 2.prefab
  artifactKey: Guid(1daabea554202ed4a96638a1b038b4ef) Importer(815301076,1909f56bfc062723c751e8b465ee728b)
Start importing Assets/track/sewer 2.prefab using Guid(1daabea554202ed4a96638a1b038b4ef) Importer(815301076,1909f56bfc062723c751e8b465ee728b)  -> (artifact id: 'cd340e5e2c7383c0a5b4052fed9657bc') in 0.018357 seconds 
  Import took 0.021349 seconds .

========================================================================
Received Import Request.
  Time since last request: 2.197451 seconds.
  path: Assets/track/sewer 2.prefab
  artifactKey: Guid(1daabea554202ed4a96638a1b038b4ef) Importer(815301076,1909f56bfc062723c751e8b465ee728b)
Start importing Assets/track/sewer 2.prefab using Guid(1daabea554202ed4a96638a1b038b4ef) Importer(815301076,1909f56bfc062723c751e8b465ee728b)  -> (artifact id: 'ade61629b82db40da190a227c3b28e85') in 0.017941 seconds 
  Import took 0.021069 seconds .

========================================================================
Received Import Request.
  Time since last request: 3.405846 seconds.
  path: Assets/track/sewer 2.prefab
  artifactKey: Guid(1daabea554202ed4a96638a1b038b4ef) Importer(815301076,1909f56bfc062723c751e8b465ee728b)
Start importing Assets/track/sewer 2.prefab using Guid(1daabea554202ed4a96638a1b038b4ef) Importer(815301076,1909f56bfc062723c751e8b465ee728b)  -> (artifact id: 'e08b49925f8bff18cf1c19cac6e6904d') in 0.023037 seconds 
  Import took 0.026630 seconds .

========================================================================
Received Import Request.
  Time since last request: 5.874185 seconds.
  path: Assets/track/sewer 2.prefab
  artifactKey: Guid(1daabea554202ed4a96638a1b038b4ef) Importer(815301076,1909f56bfc062723c751e8b465ee728b)
Start importing Assets/track/sewer 2.prefab using Guid(1daabea554202ed4a96638a1b038b4ef) Importer(815301076,1909f56bfc062723c751e8b465ee728b)  -> (artifact id: 'cb5ab5a35821cd6f7370547e49cda262') in 0.020910 seconds 
  Import took 0.026136 seconds .

========================================================================
Received Import Request.
  Time since last request: 3.211915 seconds.
  path: Assets/track/sewer 2.prefab
  artifactKey: Guid(1daabea554202ed4a96638a1b038b4ef) Importer(815301076,1909f56bfc062723c751e8b465ee728b)
Start importing Assets/track/sewer 2.prefab using Guid(1daabea554202ed4a96638a1b038b4ef) Importer(815301076,1909f56bfc062723c751e8b465ee728b)  -> (artifact id: '3418f3f65f7827eb8596aabd64932347') in 0.020850 seconds 
  Import took 0.025530 seconds .

========================================================================
Received Import Request.
  Time since last request: 5.421622 seconds.
  path: Assets/track/sewer 2.prefab
  artifactKey: Guid(1daabea554202ed4a96638a1b038b4ef) Importer(815301076,1909f56bfc062723c751e8b465ee728b)
Start importing Assets/track/sewer 2.prefab using Guid(1daabea554202ed4a96638a1b038b4ef) Importer(815301076,1909f56bfc062723c751e8b465ee728b)  -> (artifact id: '16857250e02c88f28c3509e0338fd234') in 0.029606 seconds 
  Import took 0.032744 seconds .

========================================================================
Received Import Request.
  Time since last request: 2.795807 seconds.
  path: Assets/track/sewer 2.prefab
  artifactKey: Guid(1daabea554202ed4a96638a1b038b4ef) Importer(815301076,1909f56bfc062723c751e8b465ee728b)
Start importing Assets/track/sewer 2.prefab using Guid(1daabea554202ed4a96638a1b038b4ef) Importer(815301076,1909f56bfc062723c751e8b465ee728b)  -> (artifact id: 'edf1d0690fe68c6303b44101c473f99a') in 0.018929 seconds 
  Import took 0.029204 seconds .

========================================================================
Received Import Request.
  Time since last request: 5.420258 seconds.
  path: Assets/track/sewer 2.prefab
  artifactKey: Guid(1daabea554202ed4a96638a1b038b4ef) Importer(815301076,1909f56bfc062723c751e8b465ee728b)
Start importing Assets/track/sewer 2.prefab using Guid(1daabea554202ed4a96638a1b038b4ef) Importer(815301076,1909f56bfc062723c751e8b465ee728b)  -> (artifact id: '2d42baa83a7aceb0538cd36b2ce147a0') in 0.026017 seconds 
  Import took 0.030447 seconds .

========================================================================
Received Import Request.
  Time since last request: 15.766316 seconds.
  path: Assets/track/sewer 2.prefab
  artifactKey: Guid(1daabea554202ed4a96638a1b038b4ef) Importer(815301076,1909f56bfc062723c751e8b465ee728b)
Start importing Assets/track/sewer 2.prefab using Guid(1daabea554202ed4a96638a1b038b4ef) Importer(815301076,1909f56bfc062723c751e8b465ee728b)  -> (artifact id: 'aa5f55242af3092b420ef2ee5b2a5b57') in 0.028121 seconds 
  Import took 0.032645 seconds .

========================================================================
Received Import Request.
  Time since last request: 2.583502 seconds.
  path: Assets/track/sewer 2.prefab
  artifactKey: Guid(1daabea554202ed4a96638a1b038b4ef) Importer(815301076,1909f56bfc062723c751e8b465ee728b)
Start importing Assets/track/sewer 2.prefab using Guid(1daabea554202ed4a96638a1b038b4ef) Importer(815301076,1909f56bfc062723c751e8b465ee728b)  -> (artifact id: 'd91116916cd522cc3db15a792b9fe1a2') in 0.026100 seconds 
  Import took 0.029549 seconds .

========================================================================
Received Import Request.
  Time since last request: 2.193071 seconds.
  path: Assets/track/sewer 2.prefab
  artifactKey: Guid(1daabea554202ed4a96638a1b038b4ef) Importer(815301076,1909f56bfc062723c751e8b465ee728b)
Start importing Assets/track/sewer 2.prefab using Guid(1daabea554202ed4a96638a1b038b4ef) Importer(815301076,1909f56bfc062723c751e8b465ee728b)  -> (artifact id: 'f2cf3c176dd7431d55e6fe2ba96e1dbb') in 0.019300 seconds 
  Import took 0.022713 seconds .

========================================================================
Received Import Request.
  Time since last request: 0.776819 seconds.
  path: Assets/track/sewer 2.prefab
  artifactKey: Guid(1daabea554202ed4a96638a1b038b4ef) Importer(815301076,1909f56bfc062723c751e8b465ee728b)
Start importing Assets/track/sewer 2.prefab using Guid(1daabea554202ed4a96638a1b038b4ef) Importer(815301076,1909f56bfc062723c751e8b465ee728b)  -> (artifact id: '5894327de38137009182276ce389ac25') in 0.018067 seconds 
  Import took 0.021599 seconds .

========================================================================
Received Import Request.
  Time since last request: 2.403694 seconds.
  path: Assets/track/sewer 2.prefab
  artifactKey: Guid(1daabea554202ed4a96638a1b038b4ef) Importer(815301076,1909f56bfc062723c751e8b465ee728b)
Start importing Assets/track/sewer 2.prefab using Guid(1daabea554202ed4a96638a1b038b4ef) Importer(815301076,1909f56bfc062723c751e8b465ee728b)  -> (artifact id: '0828dda53c757d793c0365d99eb4443e') in 0.025229 seconds 
  Import took 0.028558 seconds .

========================================================================
Received Import Request.
  Time since last request: 1.395753 seconds.
  path: Assets/track/sewer 2.prefab
  artifactKey: Guid(1daabea554202ed4a96638a1b038b4ef) Importer(815301076,1909f56bfc062723c751e8b465ee728b)
Start importing Assets/track/sewer 2.prefab using Guid(1daabea554202ed4a96638a1b038b4ef) Importer(815301076,1909f56bfc062723c751e8b465ee728b)  -> (artifact id: '234f2056c771e287f9b83d3e4814fbe7') in 0.022888 seconds 
  Import took 0.025844 seconds .

========================================================================
Received Import Request.
  Time since last request: 4.805093 seconds.
  path: Assets/track/sewer 2.prefab
  artifactKey: Guid(1daabea554202ed4a96638a1b038b4ef) Importer(815301076,1909f56bfc062723c751e8b465ee728b)
Start importing Assets/track/sewer 2.prefab using Guid(1daabea554202ed4a96638a1b038b4ef) Importer(815301076,1909f56bfc062723c751e8b465ee728b)  -> (artifact id: '34e440589f59ed28284aeb29bc20cf30') in 0.023534 seconds 
  Import took 0.026123 seconds .

========================================================================
Received Import Request.
  Time since last request: 3.229694 seconds.
  path: Assets/track/sewer 2.prefab
  artifactKey: Guid(1daabea554202ed4a96638a1b038b4ef) Importer(815301076,1909f56bfc062723c751e8b465ee728b)
Start importing Assets/track/sewer 2.prefab using Guid(1daabea554202ed4a96638a1b038b4ef) Importer(815301076,1909f56bfc062723c751e8b465ee728b)  -> (artifact id: '9d473f74963414395452c2c8f7a126a5') in 0.024519 seconds 
  Import took 0.028804 seconds .

========================================================================
Received Import Request.
  Time since last request: 1.777126 seconds.
  path: Assets/track/sewer 2.prefab
  artifactKey: Guid(1daabea554202ed4a96638a1b038b4ef) Importer(815301076,1909f56bfc062723c751e8b465ee728b)
Start importing Assets/track/sewer 2.prefab using Guid(1daabea554202ed4a96638a1b038b4ef) Importer(815301076,1909f56bfc062723c751e8b465ee728b)  -> (artifact id: '06f9eaa874151f5c07a18f6732dcc914') in 0.022478 seconds 
  Import took 0.025289 seconds .

========================================================================
Received Import Request.
  Time since last request: 2.601990 seconds.
  path: Assets/track/sewer 2.prefab
  artifactKey: Guid(1daabea554202ed4a96638a1b038b4ef) Importer(815301076,1909f56bfc062723c751e8b465ee728b)
Start importing Assets/track/sewer 2.prefab using Guid(1daabea554202ed4a96638a1b038b4ef) Importer(815301076,1909f56bfc062723c751e8b465ee728b)  -> (artifact id: '32b7e7b1319219eb8f37888f9b696535') in 0.026770 seconds 
  Import took 0.030105 seconds .

========================================================================
Received Import Request.
  Time since last request: 3.603531 seconds.
  path: Assets/track/sewer 2.prefab
  artifactKey: Guid(1daabea554202ed4a96638a1b038b4ef) Importer(815301076,1909f56bfc062723c751e8b465ee728b)
Start importing Assets/track/sewer 2.prefab using Guid(1daabea554202ed4a96638a1b038b4ef) Importer(815301076,1909f56bfc062723c751e8b465ee728b)  -> (artifact id: 'a208f311f7814e37ce1db89cd4fffb2a') in 0.026282 seconds 
  Import took 0.030166 seconds .

========================================================================
Received Import Request.
  Time since last request: 7.047288 seconds.
  path: Assets/track/sewer 2.prefab
  artifactKey: Guid(1daabea554202ed4a96638a1b038b4ef) Importer(815301076,1909f56bfc062723c751e8b465ee728b)
Start importing Assets/track/sewer 2.prefab using Guid(1daabea554202ed4a96638a1b038b4ef) Importer(815301076,1909f56bfc062723c751e8b465ee728b)  -> (artifact id: '02930d3a54a20d881b7d1f1fce2aac36') in 0.020103 seconds 
  Import took 0.024987 seconds .

========================================================================
Received Import Request.
  Time since last request: 2.184162 seconds.
  path: Assets/track/sewer 2.prefab
  artifactKey: Guid(1daabea554202ed4a96638a1b038b4ef) Importer(815301076,1909f56bfc062723c751e8b465ee728b)
Start importing Assets/track/sewer 2.prefab using Guid(1daabea554202ed4a96638a1b038b4ef) Importer(815301076,1909f56bfc062723c751e8b465ee728b)  -> (artifact id: '8d176e4fd95af5de9fb3ca923a7289fe') in 0.020705 seconds 
  Import took 0.023548 seconds .

========================================================================
Received Import Request.
  Time since last request: 6.043364 seconds.
  path: Assets/track/sewer 2.prefab
  artifactKey: Guid(1daabea554202ed4a96638a1b038b4ef) Importer(815301076,1909f56bfc062723c751e8b465ee728b)
Start importing Assets/track/sewer 2.prefab using Guid(1daabea554202ed4a96638a1b038b4ef) Importer(815301076,1909f56bfc062723c751e8b465ee728b)  -> (artifact id: 'db107d5c1919b961213baca657849a91') in 0.018833 seconds 
  Import took 0.021387 seconds .

========================================================================
Received Import Request.
  Time since last request: 1.192207 seconds.
  path: Assets/track/sewer 2.prefab
  artifactKey: Guid(1daabea554202ed4a96638a1b038b4ef) Importer(815301076,1909f56bfc062723c751e8b465ee728b)
Start importing Assets/track/sewer 2.prefab using Guid(1daabea554202ed4a96638a1b038b4ef) Importer(815301076,1909f56bfc062723c751e8b465ee728b)  -> (artifact id: '1a8f7568b5492a8f899073d1cca89464') in 0.022458 seconds 
  Import took 0.024877 seconds .

========================================================================
Received Import Request.
  Time since last request: 1.790841 seconds.
  path: Assets/track/sewer 2.prefab
  artifactKey: Guid(1daabea554202ed4a96638a1b038b4ef) Importer(815301076,1909f56bfc062723c751e8b465ee728b)
Start importing Assets/track/sewer 2.prefab using Guid(1daabea554202ed4a96638a1b038b4ef) Importer(815301076,1909f56bfc062723c751e8b465ee728b)  -> (artifact id: '4cc871c4750f3abda9e9682ae6bb8f6c') in 0.022266 seconds 
  Import took 0.029785 seconds .

========================================================================
Received Import Request.
  Time since last request: 1.788670 seconds.
  path: Assets/track/sewer 2.prefab
  artifactKey: Guid(1daabea554202ed4a96638a1b038b4ef) Importer(815301076,1909f56bfc062723c751e8b465ee728b)
Start importing Assets/track/sewer 2.prefab using Guid(1daabea554202ed4a96638a1b038b4ef) Importer(815301076,1909f56bfc062723c751e8b465ee728b)  -> (artifact id: '0ffbcb8b77b78bcc22c50692442e3b57') in 0.028357 seconds 
  Import took 0.031237 seconds .

========================================================================
Received Import Request.
  Time since last request: 0.996194 seconds.
  path: Assets/track/sewer 2.prefab
  artifactKey: Guid(1daabea554202ed4a96638a1b038b4ef) Importer(815301076,1909f56bfc062723c751e8b465ee728b)
Start importing Assets/track/sewer 2.prefab using Guid(1daabea554202ed4a96638a1b038b4ef) Importer(815301076,1909f56bfc062723c751e8b465ee728b)  -> (artifact id: '5a03e60041a2ca1f3698aa22a4b8e6ce') in 0.019738 seconds 
  Import took 0.022355 seconds .

========================================================================
Received Import Request.
  Time since last request: 12.082265 seconds.
  path: Assets/track/sewer 2.prefab
  artifactKey: Guid(1daabea554202ed4a96638a1b038b4ef) Importer(815301076,1909f56bfc062723c751e8b465ee728b)
Start importing Assets/track/sewer 2.prefab using Guid(1daabea554202ed4a96638a1b038b4ef) Importer(815301076,1909f56bfc062723c751e8b465ee728b)  -> (artifact id: '1d2c798d71e19df4bbfe2ed12bd01708') in 0.016869 seconds 
  Import took 0.019424 seconds .

========================================================================
Received Import Request.
  Time since last request: 14.217670 seconds.
  path: Assets/track/sewer 2.prefab
  artifactKey: Guid(1daabea554202ed4a96638a1b038b4ef) Importer(815301076,1909f56bfc062723c751e8b465ee728b)
Start importing Assets/track/sewer 2.prefab using Guid(1daabea554202ed4a96638a1b038b4ef) Importer(815301076,1909f56bfc062723c751e8b465ee728b)  -> (artifact id: 'b758823c48f796f892826a774169c0b7') in 0.017453 seconds 
  Import took 0.022063 seconds .

========================================================================
Received Import Request.
  Time since last request: 29.601353 seconds.
  path: Assets/track/sewer 2.prefab
  artifactKey: Guid(1daabea554202ed4a96638a1b038b4ef) Importer(815301076,1909f56bfc062723c751e8b465ee728b)
Start importing Assets/track/sewer 2.prefab using Guid(1daabea554202ed4a96638a1b038b4ef) Importer(815301076,1909f56bfc062723c751e8b465ee728b)  -> (artifact id: '2e853641db71a5fe3d5742cdfcd00653') in 0.023205 seconds 
  Import took 0.026329 seconds .

========================================================================
Received Import Request.
  Time since last request: 18.692441 seconds.
  path: Assets/track/sewer 2.prefab
  artifactKey: Guid(1daabea554202ed4a96638a1b038b4ef) Importer(815301076,1909f56bfc062723c751e8b465ee728b)
Start importing Assets/track/sewer 2.prefab using Guid(1daabea554202ed4a96638a1b038b4ef) Importer(815301076,1909f56bfc062723c751e8b465ee728b)  -> (artifact id: '1824854c7cd91bb56e3cfd9a239fcbeb') in 0.016554 seconds 
  Import took 0.019003 seconds .

========================================================================
Received Import Request.
  Time since last request: 1.386615 seconds.
  path: Assets/track/sewer 2.prefab
  artifactKey: Guid(1daabea554202ed4a96638a1b038b4ef) Importer(815301076,1909f56bfc062723c751e8b465ee728b)
Start importing Assets/track/sewer 2.prefab using Guid(1daabea554202ed4a96638a1b038b4ef) Importer(815301076,1909f56bfc062723c751e8b465ee728b)  -> (artifact id: 'c420f615482a4c4095be5956a1dd8fa7') in 0.015609 seconds 
  Import took 0.020224 seconds .

========================================================================
Received Import Request.
  Time since last request: 5.190629 seconds.
  path: Assets/track/sewer 2.prefab
  artifactKey: Guid(1daabea554202ed4a96638a1b038b4ef) Importer(815301076,1909f56bfc062723c751e8b465ee728b)
Start importing Assets/track/sewer 2.prefab using Guid(1daabea554202ed4a96638a1b038b4ef) Importer(815301076,1909f56bfc062723c751e8b465ee728b)  -> (artifact id: '3e053599bd884933356c65d9630ef589') in 0.016221 seconds 
  Import took 0.023405 seconds .

========================================================================
Received Import Request.
  Time since last request: 53.385089 seconds.
  path: Assets/track/New Material 1.mat
  artifactKey: Guid(e00df3d4721f83a4ba9b19cd3642e876) Importer(815301076,1909f56bfc062723c751e8b465ee728b)
Start importing Assets/track/New Material 1.mat using Guid(e00df3d4721f83a4ba9b19cd3642e876) Importer(815301076,1909f56bfc062723c751e8b465ee728b)  -> (artifact id: '65e6fe1da4f3bae2b6a06def18276a67') in 0.150605 seconds 
  Import took 0.153712 seconds .

========================================================================
Received Import Request.
  Time since last request: 339.538162 seconds.
  path: Assets/track/New Material 1.mat
  artifactKey: Guid(e00df3d4721f83a4ba9b19cd3642e876) Importer(815301076,1909f56bfc062723c751e8b465ee728b)
Start importing Assets/track/New Material 1.mat using Guid(e00df3d4721f83a4ba9b19cd3642e876) Importer(815301076,1909f56bfc062723c751e8b465ee728b)  -> (artifact id: 'a2c0fb5f19a003ec3b1548502152d037') in 0.039397 seconds 
  Import took 0.044012 seconds .

AssetImportWorkerClient::OnTransportError - code=2 error=End of file
